{"C:\\Work\\repos\\VictorGago\\task-manager\\api\\src\\config\\container.ts": {"path":"C:\\Work\\repos\\VictorGago\\task-manager\\api\\src\\config\\container.ts","statementMap":{"0":{"start":{"line":1,"column":0},"end":{"line":1,"column":59}},"1":{"start":{"line":2,"column":0},"end":{"line":2,"column":59}},"2":{"start":{"line":3,"column":0},"end":{"line":3,"column":79}},"3":{"start":{"line":4,"column":0},"end":{"line":4,"column":79}},"4":{"start":{"line":5,"column":0},"end":{"line":5,"column":73}},"5":{"start":{"line":6,"column":0},"end":{"line":6,"column":73}},"6":{"start":{"line":7,"column":0},"end":{"line":7,"column":50}},"7":{"start":{"line":8,"column":0},"end":{"line":8,"column":50}},"8":{"start":{"line":11,"column":0},"end":{"line":11,"column":38}},"9":{"start":{"line":12,"column":0},"end":{"line":12,"column":77}},"10":{"start":{"line":13,"column":0},"end":{"line":13,"column":77}},"11":{"start":{"line":28,"column":8},"end":{"line":28,"column":52}},"12":{"start":{"line":32,"column":8},"end":{"line":51,"column":9}},"13":{"start":{"line":33,"column":12},"end":{"line":33,"column":50}},"14":{"start":{"line":34,"column":27},"end":{"line":34,"column":56}},"15":{"start":{"line":35,"column":12},"end":{"line":50,"column":13}},"16":{"start":{"line":37,"column":20},"end":{"line":37,"column":72}},"17":{"start":{"line":38,"column":20},"end":{"line":38,"column":26}},"18":{"start":{"line":40,"column":41},"end":{"line":40,"column":76}},"19":{"start":{"line":41,"column":45},"end":{"line":41,"column":84}},"20":{"start":{"line":42,"column":46},"end":{"line":42,"column":86}},"21":{"start":{"line":43,"column":20},"end":{"line":43,"column":118}},"22":{"start":{"line":44,"column":20},"end":{"line":44,"column":26}},"23":{"start":{"line":46,"column":20},"end":{"line":46,"column":71}},"24":{"start":{"line":47,"column":20},"end":{"line":47,"column":26}},"25":{"start":{"line":49,"column":20},"end":{"line":49,"column":75}},"26":{"start":{"line":52,"column":8},"end":{"line":52,"column":35}},"27":{"start":{"line":56,"column":8},"end":{"line":75,"column":9}},"28":{"start":{"line":57,"column":12},"end":{"line":57,"column":50}},"29":{"start":{"line":58,"column":27},"end":{"line":58,"column":56}},"30":{"start":{"line":59,"column":12},"end":{"line":74,"column":13}},"31":{"start":{"line":61,"column":20},"end":{"line":61,"column":72}},"32":{"start":{"line":62,"column":20},"end":{"line":62,"column":26}},"33":{"start":{"line":64,"column":41},"end":{"line":64,"column":76}},"34":{"start":{"line":65,"column":45},"end":{"line":65,"column":84}},"35":{"start":{"line":66,"column":46},"end":{"line":66,"column":86}},"36":{"start":{"line":67,"column":20},"end":{"line":67,"column":118}},"37":{"start":{"line":68,"column":20},"end":{"line":68,"column":26}},"38":{"start":{"line":70,"column":20},"end":{"line":70,"column":71}},"39":{"start":{"line":71,"column":20},"end":{"line":71,"column":26}},"40":{"start":{"line":73,"column":20},"end":{"line":73,"column":75}},"41":{"start":{"line":76,"column":8},"end":{"line":76,"column":35}},"42":{"start":{"line":80,"column":8},"end":{"line":83,"column":9}},"43":{"start":{"line":81,"column":35},"end":{"line":81,"column":65}},"44":{"start":{"line":82,"column":12},"end":{"line":82,"column":88}},"45":{"start":{"line":84,"column":8},"end":{"line":84,"column":32}},"46":{"start":{"line":88,"column":8},"end":{"line":91,"column":9}},"47":{"start":{"line":89,"column":35},"end":{"line":89,"column":65}},"48":{"start":{"line":90,"column":12},"end":{"line":90,"column":63}},"49":{"start":{"line":92,"column":8},"end":{"line":92,"column":32}},"50":{"start":{"line":96,"column":8},"end":{"line":99,"column":9}},"51":{"start":{"line":97,"column":32},"end":{"line":97,"column":59}},"52":{"start":{"line":98,"column":12},"end":{"line":98,"column":66}},"53":{"start":{"line":100,"column":8},"end":{"line":100,"column":35}},"54":{"start":{"line":104,"column":8},"end":{"line":107,"column":9}},"55":{"start":{"line":105,"column":32},"end":{"line":105,"column":59}},"56":{"start":{"line":106,"column":12},"end":{"line":106,"column":66}},"57":{"start":{"line":108,"column":8},"end":{"line":108,"column":35}},"58":{"start":{"line":25,"column":19},"end":{"line":25,"column":87}},"59":{"start":{"line":112,"column":0},"end":{"line":112,"column":25}}},"fnMap":{"0":{"name":"(anonymous_8)","decl":{"start":{"line":27,"column":12},"end":{"line":27,"column":18}},"loc":{"start":{"line":27,"column":49},"end":{"line":29,"column":null}}},"1":{"name":"(anonymous_10)","decl":{"start":{"line":31,"column":4},"end":{"line":31,"column":10}},"loc":{"start":{"line":31,"column":34},"end":{"line":53,"column":null}}},"2":{"name":"(anonymous_12)","decl":{"start":{"line":55,"column":4},"end":{"line":55,"column":10}},"loc":{"start":{"line":55,"column":34},"end":{"line":77,"column":null}}},"3":{"name":"(anonymous_14)","decl":{"start":{"line":79,"column":4},"end":{"line":79,"column":10}},"loc":{"start":{"line":79,"column":31},"end":{"line":85,"column":null}}},"4":{"name":"(anonymous_16)","decl":{"start":{"line":87,"column":4},"end":{"line":87,"column":10}},"loc":{"start":{"line":87,"column":31},"end":{"line":93,"column":null}}},"5":{"name":"(anonymous_18)","decl":{"start":{"line":95,"column":4},"end":{"line":95,"column":10}},"loc":{"start":{"line":95,"column":34},"end":{"line":101,"column":null}}},"6":{"name":"(anonymous_20)","decl":{"start":{"line":103,"column":4},"end":{"line":103,"column":10}},"loc":{"start":{"line":103,"column":34},"end":{"line":109,"column":null}}}},"branchMap":{"0":{"loc":{"start":{"line":32,"column":8},"end":{"line":51,"column":9}},"type":"if","locations":[{"start":{"line":32,"column":8},"end":{"line":51,"column":9}}]},"1":{"loc":{"start":{"line":35,"column":12},"end":{"line":50,"column":13}},"type":"switch","locations":[{"start":{"line":36,"column":16},"end":{"line":38,"column":26}},{"start":{"line":39,"column":16},"end":{"line":44,"column":26}},{"start":{"line":45,"column":16},"end":{"line":47,"column":26}},{"start":{"line":48,"column":16},"end":{"line":49,"column":75}}]},"2":{"loc":{"start":{"line":56,"column":8},"end":{"line":75,"column":9}},"type":"if","locations":[{"start":{"line":56,"column":8},"end":{"line":75,"column":9}}]},"3":{"loc":{"start":{"line":59,"column":12},"end":{"line":74,"column":13}},"type":"switch","locations":[{"start":{"line":60,"column":16},"end":{"line":62,"column":26}},{"start":{"line":63,"column":16},"end":{"line":68,"column":26}},{"start":{"line":69,"column":16},"end":{"line":71,"column":26}},{"start":{"line":72,"column":16},"end":{"line":73,"column":75}}]},"4":{"loc":{"start":{"line":80,"column":8},"end":{"line":83,"column":9}},"type":"if","locations":[{"start":{"line":80,"column":8},"end":{"line":83,"column":9}}]},"5":{"loc":{"start":{"line":88,"column":8},"end":{"line":91,"column":9}},"type":"if","locations":[{"start":{"line":88,"column":8},"end":{"line":91,"column":9}}]},"6":{"loc":{"start":{"line":96,"column":8},"end":{"line":99,"column":9}},"type":"if","locations":[{"start":{"line":96,"column":8},"end":{"line":99,"column":9}}]},"7":{"loc":{"start":{"line":104,"column":8},"end":{"line":107,"column":9}},"type":"if","locations":[{"start":{"line":104,"column":8},"end":{"line":107,"column":9}}]}},"s":{"0":0,"1":0,"2":0,"3":0,"4":0,"5":0,"6":0,"7":0,"8":0,"9":0,"10":0,"11":0,"12":0,"13":0,"14":0,"15":0,"16":0,"17":0,"18":0,"19":0,"20":0,"21":0,"22":0,"23":0,"24":0,"25":0,"26":0,"27":0,"28":0,"29":0,"30":0,"31":0,"32":0,"33":0,"34":0,"35":0,"36":0,"37":0,"38":0,"39":0,"40":0,"41":0,"42":0,"43":0,"44":0,"45":0,"46":0,"47":0,"48":0,"49":0,"50":0,"51":0,"52":0,"53":0,"54":0,"55":0,"56":0,"57":0,"58":0,"59":0},"f":{"0":0,"1":0,"2":0,"3":0,"4":0,"5":0,"6":0},"b":{"0":[0],"1":[0,0,0,0],"2":[0],"3":[0,0,0,0],"4":[0],"5":[0],"6":[0],"7":[0]}}
,"C:\\Work\\repos\\VictorGago\\task-manager\\api\\src\\config\\db.ts": {"path":"C:\\Work\\repos\\VictorGago\\task-manager\\api\\src\\config\\db.ts","statementMap":{"0":{"start":{"line":1,"column":0},"end":{"line":1,"column":49}},"1":{"start":{"line":2,"column":0},"end":{"line":2,"column":45}},"2":{"start":{"line":3,"column":0},"end":{"line":3,"column":44}},"3":{"start":{"line":4,"column":0},"end":{"line":4,"column":57}},"4":{"start":{"line":5,"column":0},"end":{"line":5,"column":32}},"5":{"start":{"line":14,"column":10},"end":{"line":14,"column":39}},"6":{"start":{"line":17,"column":4},"end":{"line":17,"column":44}},"7":{"start":{"line":21,"column":4},"end":{"line":23,"column":5}},"8":{"start":{"line":22,"column":6},"end":{"line":22,"column":61}},"9":{"start":{"line":24,"column":4},"end":{"line":24,"column":39}},"10":{"start":{"line":28,"column":4},"end":{"line":30,"column":5}},"11":{"start":{"line":29,"column":6},"end":{"line":29,"column":13}},"12":{"start":{"line":32,"column":4},"end":{"line":44,"column":5}},"13":{"start":{"line":34,"column":8},"end":{"line":34,"column":38}},"14":{"start":{"line":35,"column":8},"end":{"line":35,"column":14}},"15":{"start":{"line":37,"column":8},"end":{"line":37,"column":37}},"16":{"start":{"line":38,"column":8},"end":{"line":38,"column":14}},"17":{"start":{"line":40,"column":8},"end":{"line":40,"column":36}},"18":{"start":{"line":41,"column":8},"end":{"line":41,"column":14}},"19":{"start":{"line":43,"column":8},"end":{"line":43,"column":68}},"20":{"start":{"line":46,"column":4},"end":{"line":46,"column":28}},"21":{"start":{"line":50,"column":4},"end":{"line":50,"column":23}},"22":{"start":{"line":54,"column":4},"end":{"line":54,"column":29}},"23":{"start":{"line":58,"column":4},"end":{"line":58,"column":34}},"24":{"start":{"line":62,"column":4},"end":{"line":62,"column":33}},"25":{"start":{"line":66,"column":28},"end":{"line":66,"column":56}},"26":{"start":{"line":74,"column":4},"end":{"line":91,"column":5}},"27":{"start":{"line":76,"column":6},"end":{"line":76,"column":41}},"28":{"start":{"line":77,"column":6},"end":{"line":77,"column":41}},"29":{"start":{"line":78,"column":6},"end":{"line":78,"column":49}},"30":{"start":{"line":79,"column":6},"end":{"line":79,"column":41}},"31":{"start":{"line":80,"column":6},"end":{"line":80,"column":49}},"32":{"start":{"line":81,"column":6},"end":{"line":81,"column":12}},"33":{"start":{"line":83,"column":6},"end":{"line":83,"column":34}},"34":{"start":{"line":84,"column":6},"end":{"line":84,"column":34}},"35":{"start":{"line":85,"column":6},"end":{"line":85,"column":42}},"36":{"start":{"line":86,"column":6},"end":{"line":86,"column":34}},"37":{"start":{"line":87,"column":6},"end":{"line":87,"column":42}},"38":{"start":{"line":88,"column":6},"end":{"line":88,"column":12}},"39":{"start":{"line":90,"column":6},"end":{"line":90,"column":77}},"40":{"start":{"line":93,"column":4},"end":{"line":95,"column":5}},"41":{"start":{"line":94,"column":6},"end":{"line":94,"column":72}},"42":{"start":{"line":97,"column":4},"end":{"line":102,"column":7}},"43":{"start":{"line":104,"column":4},"end":{"line":115,"column":5}},"44":{"start":{"line":105,"column":6},"end":{"line":105,"column":42}},"45":{"start":{"line":106,"column":6},"end":{"line":106,"column":87}},"46":{"start":{"line":107,"column":6},"end":{"line":107,"column":34}},"47":{"start":{"line":108,"column":6},"end":{"line":108,"column":48}},"48":{"start":{"line":111,"column":6},"end":{"line":111,"column":39}},"49":{"start":{"line":113,"column":6},"end":{"line":113,"column":67}},"50":{"start":{"line":114,"column":6},"end":{"line":114,"column":16}},"51":{"start":{"line":119,"column":4},"end":{"line":144,"column":7}},"52":{"start":{"line":146,"column":4},"end":{"line":194,"column":7}},"53":{"start":{"line":196,"column":4},"end":{"line":196,"column":60}},"54":{"start":{"line":197,"column":4},"end":{"line":197,"column":58}},"55":{"start":{"line":201,"column":35},"end":{"line":201,"column":71}},"56":{"start":{"line":202,"column":4},"end":{"line":202,"column":65}},"57":{"start":{"line":203,"column":4},"end":{"line":203,"column":67}},"58":{"start":{"line":205,"column":4},"end":{"line":207,"column":5}},"59":{"start":{"line":206,"column":6},"end":{"line":206,"column":64}},"60":{"start":{"line":209,"column":4},"end":{"line":209,"column":65}},"61":{"start":{"line":211,"column":4},"end":{"line":217,"column":5}},"62":{"start":{"line":212,"column":27},"end":{"line":212,"column":109}},"63":{"start":{"line":213,"column":6},"end":{"line":213,"column":69}},"64":{"start":{"line":215,"column":6},"end":{"line":215,"column":59}},"65":{"start":{"line":216,"column":6},"end":{"line":216,"column":16}},"66":{"start":{"line":221,"column":23},"end":{"line":221,"column":50}},"67":{"start":{"line":222,"column":4},"end":{"line":224,"column":5}},"68":{"start":{"line":223,"column":6},"end":{"line":223,"column":60}},"69":{"start":{"line":226,"column":4},"end":{"line":232,"column":5}},"70":{"start":{"line":227,"column":6},"end":{"line":227,"column":41}},"71":{"start":{"line":228,"column":6},"end":{"line":228,"column":43}},"72":{"start":{"line":230,"column":6},"end":{"line":230,"column":58}},"73":{"start":{"line":231,"column":6},"end":{"line":231,"column":16}},"74":{"start":{"line":236,"column":0},"end":{"line":236,"column":34}}},"fnMap":{"0":{"name":"(anonymous_8)","decl":{"start":{"line":16,"column":2},"end":{"line":16,"column":null}},"loc":{"start":{"line":16,"column":2},"end":{"line":18,"column":3}}},"1":{"name":"(anonymous_9)","decl":{"start":{"line":20,"column":9},"end":{"line":20,"column":15}},"loc":{"start":{"line":20,"column":27},"end":{"line":25,"column":3}}},"2":{"name":"(anonymous_10)","decl":{"start":{"line":27,"column":15},"end":{"line":27,"column":32}},"loc":{"start":{"line":27,"column":32},"end":{"line":47,"column":null}}},"3":{"name":"(anonymous_12)","decl":{"start":{"line":49,"column":9},"end":{"line":49,"column":18}},"loc":{"start":{"line":49,"column":18},"end":{"line":51,"column":3}}},"4":{"name":"(anonymous_13)","decl":{"start":{"line":53,"column":9},"end":{"line":53,"column":24}},"loc":{"start":{"line":53,"column":24},"end":{"line":55,"column":3}}},"5":{"name":"(anonymous_14)","decl":{"start":{"line":57,"column":9},"end":{"line":57,"column":29}},"loc":{"start":{"line":57,"column":29},"end":{"line":59,"column":3}}},"6":{"name":"(anonymous_15)","decl":{"start":{"line":61,"column":9},"end":{"line":61,"column":28}},"loc":{"start":{"line":61,"column":28},"end":{"line":63,"column":3}}},"7":{"name":"(anonymous_16)","decl":{"start":{"line":65,"column":16},"end":{"line":65,"column":32}},"loc":{"start":{"line":65,"column":32},"end":{"line":116,"column":null}}},"8":{"name":"(anonymous_18)","decl":{"start":{"line":118,"column":10},"end":{"line":118,"column":35}},"loc":{"start":{"line":118,"column":35},"end":{"line":198,"column":3}}},"9":{"name":"(anonymous_19)","decl":{"start":{"line":200,"column":16},"end":{"line":200,"column":31}},"loc":{"start":{"line":200,"column":31},"end":{"line":218,"column":null}}},"10":{"name":"(anonymous_21)","decl":{"start":{"line":220,"column":16},"end":{"line":220,"column":30}},"loc":{"start":{"line":220,"column":30},"end":{"line":233,"column":null}}}},"branchMap":{"0":{"loc":{"start":{"line":17,"column":18},"end":{"line":17,"column":43}},"type":"binary-expr","locations":[{"start":{"line":17,"column":18},"end":{"line":17,"column":37}},{"start":{"line":17,"column":41},"end":{"line":17,"column":43}}]},"1":{"loc":{"start":{"line":21,"column":4},"end":{"line":23,"column":5}},"type":"if","locations":[{"start":{"line":21,"column":4},"end":{"line":23,"column":5}}]},"2":{"loc":{"start":{"line":28,"column":4},"end":{"line":30,"column":5}},"type":"if","locations":[{"start":{"line":28,"column":4},"end":{"line":30,"column":5}}]},"3":{"loc":{"start":{"line":32,"column":4},"end":{"line":44,"column":5}},"type":"switch","locations":[{"start":{"line":33,"column":6},"end":{"line":35,"column":14}},{"start":{"line":36,"column":6},"end":{"line":38,"column":14}},{"start":{"line":39,"column":6},"end":{"line":41,"column":14}},{"start":{"line":42,"column":6},"end":{"line":43,"column":68}}]},"4":{"loc":{"start":{"line":66,"column":28},"end":{"line":66,"column":56}},"type":"binary-expr","locations":[{"start":{"line":66,"column":28},"end":{"line":66,"column":50}},{"start":{"line":66,"column":54},"end":{"line":66,"column":56}}]},"5":{"loc":{"start":{"line":74,"column":4},"end":{"line":91,"column":5}},"type":"switch","locations":[{"start":{"line":75,"column":6},"end":{"line":81,"column":12}},{"start":{"line":82,"column":6},"end":{"line":88,"column":12}},{"start":{"line":89,"column":6},"end":{"line":90,"column":77}}]},"6":{"loc":{"start":{"line":93,"column":4},"end":{"line":95,"column":5}},"type":"if","locations":[{"start":{"line":93,"column":4},"end":{"line":95,"column":5}}]},"7":{"loc":{"start":{"line":93,"column":8},"end":{"line":93,"column":57}},"type":"binary-expr","locations":[{"start":{"line":93,"column":8},"end":{"line":93,"column":13}},{"start":{"line":93,"column":17},"end":{"line":93,"column":22}},{"start":{"line":93,"column":26},"end":{"line":93,"column":35}},{"start":{"line":93,"column":39},"end":{"line":93,"column":44}},{"start":{"line":93,"column":48},"end":{"line":93,"column":57}}]},"8":{"loc":{"start":{"line":101,"column":15},"end":{"line":101,"column":58}},"type":"cond-expr","locations":[{"start":{"line":101,"column":43},"end":{"line":101,"column":45}},{"start":{"line":101,"column":43},"end":{"line":101,"column":58}}]},"9":{"loc":{"start":{"line":101,"column":15},"end":{"line":101,"column":45}},"type":"binary-expr","locations":[{"start":{"line":101,"column":15},"end":{"line":101,"column":45}},{"start":{"line":101,"column":43},"end":{"line":101,"column":45}}]},"10":{"loc":{"start":{"line":202,"column":28},"end":{"line":202,"column":64}},"type":"binary-expr","locations":[{"start":{"line":202,"column":28},"end":{"line":202,"column":58}},{"start":{"line":202,"column":62},"end":{"line":202,"column":64}}]},"11":{"loc":{"start":{"line":203,"column":29},"end":{"line":203,"column":66}},"type":"binary-expr","locations":[{"start":{"line":203,"column":29},"end":{"line":203,"column":60}},{"start":{"line":203,"column":64},"end":{"line":203,"column":66}}]},"12":{"loc":{"start":{"line":205,"column":4},"end":{"line":207,"column":5}},"type":"if","locations":[{"start":{"line":205,"column":4},"end":{"line":207,"column":5}}]},"13":{"loc":{"start":{"line":205,"column":8},"end":{"line":205,"column":84}},"type":"binary-expr","locations":[{"start":{"line":205,"column":8},"end":{"line":205,"column":31}},{"start":{"line":205,"column":35},"end":{"line":205,"column":57}},{"start":{"line":205,"column":61},"end":{"line":205,"column":84}}]},"14":{"loc":{"start":{"line":221,"column":23},"end":{"line":221,"column":50}},"type":"binary-expr","locations":[{"start":{"line":221,"column":23},"end":{"line":221,"column":44}},{"start":{"line":221,"column":48},"end":{"line":221,"column":50}}]},"15":{"loc":{"start":{"line":222,"column":4},"end":{"line":224,"column":5}},"type":"if","locations":[{"start":{"line":222,"column":4},"end":{"line":224,"column":5}}]}},"s":{"0":1,"1":1,"2":1,"3":1,"4":1,"5":8,"6":8,"7":0,"8":0,"9":0,"10":8,"11":0,"12":8,"13":3,"14":1,"15":2,"16":1,"17":2,"18":1,"19":1,"20":3,"21":0,"22":0,"23":0,"24":0,"25":3,"26":3,"27":2,"28":2,"29":2,"30":2,"31":2,"32":2,"33":0,"34":0,"35":0,"36":0,"37":0,"38":0,"39":1,"40":2,"41":1,"42":1,"43":1,"44":1,"45":1,"46":1,"47":1,"48":1,"49":0,"50":0,"51":1,"52":1,"53":1,"54":1,"55":2,"56":2,"57":2,"58":2,"59":1,"60":1,"61":1,"62":1,"63":1,"64":0,"65":0,"66":2,"67":2,"68":1,"69":1,"70":1,"71":1,"72":0,"73":0,"74":1},"f":{"0":8,"1":0,"2":8,"3":0,"4":0,"5":0,"6":0,"7":3,"8":1,"9":2,"10":2},"b":{"0":[8,0],"1":[0],"2":[0],"3":[3,2,2,1],"4":[3,0],"5":[2,0,1],"6":[1],"7":[2,1,1,1,1],"8":[1,0],"9":[1,1],"10":[2,1],"11":[2,1],"12":[1],"13":[2,1,1],"14":[2,1],"15":[1]}}
,"C:\\Work\\repos\\VictorGago\\task-manager\\api\\src\\config\\logger.ts": {"path":"C:\\Work\\repos\\VictorGago\\task-manager\\api\\src\\config\\logger.ts","statementMap":{"0":{"start":{"line":1,"column":0},"end":{"line":1,"column":30}},"1":{"start":{"line":3,"column":15},"end":{"line":13,"column":2}},"2":{"start":{"line":15,"column":0},"end":{"line":15,"column":22}}},"fnMap":{},"branchMap":{},"s":{"0":0,"1":0,"2":0},"f":{},"b":{}}
,"C:\\Work\\repos\\VictorGago\\task-manager\\api\\src\\config\\swagger.ts": {"path":"C:\\Work\\repos\\VictorGago\\task-manager\\api\\src\\config\\swagger.ts","statementMap":{"0":{"start":{"line":1,"column":0},"end":{"line":1,"column":54}},"1":{"start":{"line":2,"column":0},"end":{"line":2,"column":7}},"2":{"start":{"line":40,"column":9},"end":{"line":2,"column":43}},"3":{"start":{"line":4,"column":26},"end":{"line":31,"column":2}},"4":{"start":{"line":33,"column":25},"end":{"line":36,"column":2}},"5":{"start":{"line":38,"column":20},"end":{"line":38,"column":41}},"6":{"start":{"line":40,"column":20},"end":{"line":40,"column":31}}},"fnMap":{},"branchMap":{},"s":{"0":0,"1":0,"2":0,"3":0,"4":0,"5":0,"6":0},"f":{},"b":{}}
,"C:\\Work\\repos\\VictorGago\\task-manager\\api\\src\\controllers\\authController.ts": {"path":"C:\\Work\\repos\\VictorGago\\task-manager\\api\\src\\controllers\\authController.ts","statementMap":{"0":{"start":{"line":13,"column":9},"end":{"line":24,"column":4}},"1":{"start":{"line":13,"column":98},"end":{"line":24,"column":4}},"2":{"start":{"line":14,"column":4},"end":{"line":23,"column":5}},"3":{"start":{"line":16,"column":21},"end":{"line":16,"column":60}},"4":{"start":{"line":18,"column":6},"end":{"line":18,"column":35}},"5":{"start":{"line":21,"column":6},"end":{"line":21,"column":50}},"6":{"start":{"line":22,"column":6},"end":{"line":22,"column":64}},"7":{"start":{"line":26,"column":9},"end":{"line":37,"column":4}},"8":{"start":{"line":26,"column":96},"end":{"line":37,"column":4}},"9":{"start":{"line":27,"column":4},"end":{"line":36,"column":5}},"10":{"start":{"line":29,"column":21},"end":{"line":29,"column":59}},"11":{"start":{"line":31,"column":6},"end":{"line":31,"column":23}},"12":{"start":{"line":34,"column":6},"end":{"line":34,"column":43}},"13":{"start":{"line":35,"column":6},"end":{"line":35,"column":64}},"14":{"start":{"line":10,"column":4},"end":{"line":10,"column":35}},"15":{"start":{"line":6,"column":0},"end":{"line":6,"column":21}}},"fnMap":{"0":{"name":"(anonymous_7)","decl":{"start":{"line":9,"column":2},"end":{"line":9,"column":14}},"loc":{"start":{"line":9,"column":38},"end":{"line":11,"column":3}}},"1":{"name":"(anonymous_8)","decl":{"start":{"line":13,"column":18},"end":{"line":13,"column":25}},"loc":{"start":{"line":13,"column":98},"end":{"line":24,"column":4}}},"2":{"name":"(anonymous_9)","decl":{"start":{"line":13,"column":98},"end":{"line":13,"column":null}},"loc":{"start":{"line":13,"column":98},"end":{"line":24,"column":3}}},"3":{"name":"(anonymous_10)","decl":{"start":{"line":26,"column":17},"end":{"line":26,"column":24}},"loc":{"start":{"line":26,"column":96},"end":{"line":37,"column":4}}},"4":{"name":"(anonymous_11)","decl":{"start":{"line":26,"column":96},"end":{"line":26,"column":null}},"loc":{"start":{"line":26,"column":96},"end":{"line":37,"column":3}}}},"branchMap":{},"s":{"0":4,"1":2,"2":2,"3":2,"4":1,"5":1,"6":1,"7":4,"8":2,"9":2,"10":2,"11":1,"12":1,"13":1,"14":4,"15":1},"f":{"0":4,"1":2,"2":2,"3":2,"4":2},"b":{}}
,"C:\\Work\\repos\\VictorGago\\task-manager\\api\\src\\controllers\\taskController.ts": {"path":"C:\\Work\\repos\\VictorGago\\task-manager\\api\\src\\controllers\\taskController.ts","statementMap":{"0":{"start":{"line":12,"column":9},"end":{"line":22,"column":4}},"1":{"start":{"line":12,"column":88},"end":{"line":22,"column":4}},"2":{"start":{"line":13,"column":63},"end":{"line":13,"column":71}},"3":{"start":{"line":15,"column":4},"end":{"line":21,"column":5}},"4":{"start":{"line":16,"column":19},"end":{"line":16,"column":126}},"5":{"start":{"line":17,"column":6},"end":{"line":17,"column":33}},"6":{"start":{"line":19,"column":6},"end":{"line":19,"column":51}},"7":{"start":{"line":20,"column":6},"end":{"line":20,"column":64}},"8":{"start":{"line":24,"column":9},"end":{"line":32,"column":4}},"9":{"start":{"line":24,"column":86},"end":{"line":32,"column":4}},"10":{"start":{"line":25,"column":4},"end":{"line":31,"column":5}},"11":{"start":{"line":26,"column":20},"end":{"line":26,"column":71}},"12":{"start":{"line":27,"column":6},"end":{"line":27,"column":34}},"13":{"start":{"line":29,"column":6},"end":{"line":29,"column":52}},"14":{"start":{"line":30,"column":6},"end":{"line":30,"column":64}},"15":{"start":{"line":34,"column":9},"end":{"line":45,"column":4}},"16":{"start":{"line":34,"column":88},"end":{"line":45,"column":4}},"17":{"start":{"line":35,"column":19},"end":{"line":35,"column":29}},"18":{"start":{"line":36,"column":63},"end":{"line":36,"column":71}},"19":{"start":{"line":38,"column":4},"end":{"line":44,"column":5}},"20":{"start":{"line":39,"column":19},"end":{"line":39,"column":130}},"21":{"start":{"line":40,"column":6},"end":{"line":40,"column":33}},"22":{"start":{"line":42,"column":6},"end":{"line":42,"column":49}},"23":{"start":{"line":43,"column":6},"end":{"line":43,"column":64}},"24":{"start":{"line":47,"column":9},"end":{"line":57,"column":4}},"25":{"start":{"line":47,"column":88},"end":{"line":57,"column":4}},"26":{"start":{"line":48,"column":19},"end":{"line":48,"column":29}},"27":{"start":{"line":50,"column":4},"end":{"line":56,"column":5}},"28":{"start":{"line":51,"column":6},"end":{"line":51,"column":58}},"29":{"start":{"line":52,"column":6},"end":{"line":52,"column":29}},"30":{"start":{"line":54,"column":6},"end":{"line":54,"column":51}},"31":{"start":{"line":55,"column":6},"end":{"line":55,"column":64}},"32":{"start":{"line":59,"column":9},"end":{"line":69,"column":4}},"33":{"start":{"line":59,"column":89},"end":{"line":69,"column":4}},"34":{"start":{"line":60,"column":19},"end":{"line":60,"column":29}},"35":{"start":{"line":62,"column":4},"end":{"line":68,"column":5}},"36":{"start":{"line":63,"column":6},"end":{"line":63,"column":59}},"37":{"start":{"line":64,"column":6},"end":{"line":64,"column":29}},"38":{"start":{"line":66,"column":6},"end":{"line":66,"column":50}},"39":{"start":{"line":67,"column":6},"end":{"line":67,"column":64}},"40":{"start":{"line":71,"column":9},"end":{"line":81,"column":4}},"41":{"start":{"line":71,"column":91},"end":{"line":81,"column":4}},"42":{"start":{"line":72,"column":19},"end":{"line":72,"column":29}},"43":{"start":{"line":74,"column":4},"end":{"line":80,"column":5}},"44":{"start":{"line":75,"column":6},"end":{"line":75,"column":61}},"45":{"start":{"line":76,"column":6},"end":{"line":76,"column":29}},"46":{"start":{"line":78,"column":6},"end":{"line":78,"column":52}},"47":{"start":{"line":79,"column":6},"end":{"line":79,"column":64}},"48":{"start":{"line":83,"column":9},"end":{"line":98,"column":4}},"49":{"start":{"line":83,"column":94},"end":{"line":98,"column":4}},"50":{"start":{"line":84,"column":19},"end":{"line":84,"column":29}},"51":{"start":{"line":85,"column":23},"end":{"line":85,"column":31}},"52":{"start":{"line":87,"column":4},"end":{"line":97,"column":5}},"53":{"start":{"line":88,"column":26},"end":{"line":88,"column":91}},"54":{"start":{"line":89,"column":6},"end":{"line":92,"column":7}},"55":{"start":{"line":90,"column":8},"end":{"line":90,"column":58}},"56":{"start":{"line":91,"column":8},"end":{"line":91,"column":15}},"57":{"start":{"line":93,"column":6},"end":{"line":93,"column":40}},"58":{"start":{"line":95,"column":6},"end":{"line":95,"column":56}},"59":{"start":{"line":96,"column":6},"end":{"line":96,"column":64}},"60":{"start":{"line":9,"column":4},"end":{"line":9,"column":35}},"61":{"start":{"line":5,"column":0},"end":{"line":5,"column":21}}},"fnMap":{"0":{"name":"(anonymous_7)","decl":{"start":{"line":8,"column":2},"end":{"line":8,"column":14}},"loc":{"start":{"line":8,"column":38},"end":{"line":10,"column":3}}},"1":{"name":"(anonymous_8)","decl":{"start":{"line":12,"column":22},"end":{"line":12,"column":29}},"loc":{"start":{"line":12,"column":88},"end":{"line":22,"column":4}}},"2":{"name":"(anonymous_9)","decl":{"start":{"line":12,"column":88},"end":{"line":12,"column":null}},"loc":{"start":{"line":12,"column":88},"end":{"line":22,"column":3}}},"3":{"name":"(anonymous_10)","decl":{"start":{"line":24,"column":20},"end":{"line":24,"column":27}},"loc":{"start":{"line":24,"column":86},"end":{"line":32,"column":4}}},"4":{"name":"(anonymous_11)","decl":{"start":{"line":24,"column":86},"end":{"line":24,"column":null}},"loc":{"start":{"line":24,"column":86},"end":{"line":32,"column":3}}},"5":{"name":"(anonymous_12)","decl":{"start":{"line":34,"column":22},"end":{"line":34,"column":29}},"loc":{"start":{"line":34,"column":88},"end":{"line":45,"column":4}}},"6":{"name":"(anonymous_13)","decl":{"start":{"line":34,"column":88},"end":{"line":34,"column":null}},"loc":{"start":{"line":34,"column":88},"end":{"line":45,"column":3}}},"7":{"name":"(anonymous_14)","decl":{"start":{"line":47,"column":22},"end":{"line":47,"column":29}},"loc":{"start":{"line":47,"column":88},"end":{"line":57,"column":4}}},"8":{"name":"(anonymous_15)","decl":{"start":{"line":47,"column":88},"end":{"line":47,"column":null}},"loc":{"start":{"line":47,"column":88},"end":{"line":57,"column":3}}},"9":{"name":"(anonymous_16)","decl":{"start":{"line":59,"column":23},"end":{"line":59,"column":30}},"loc":{"start":{"line":59,"column":89},"end":{"line":69,"column":4}}},"10":{"name":"(anonymous_17)","decl":{"start":{"line":59,"column":89},"end":{"line":59,"column":null}},"loc":{"start":{"line":59,"column":89},"end":{"line":69,"column":3}}},"11":{"name":"(anonymous_18)","decl":{"start":{"line":71,"column":25},"end":{"line":71,"column":32}},"loc":{"start":{"line":71,"column":91},"end":{"line":81,"column":4}}},"12":{"name":"(anonymous_19)","decl":{"start":{"line":71,"column":91},"end":{"line":71,"column":null}},"loc":{"start":{"line":71,"column":91},"end":{"line":81,"column":3}}},"13":{"name":"(anonymous_20)","decl":{"start":{"line":83,"column":28},"end":{"line":83,"column":35}},"loc":{"start":{"line":83,"column":94},"end":{"line":98,"column":4}}},"14":{"name":"(anonymous_21)","decl":{"start":{"line":83,"column":94},"end":{"line":83,"column":null}},"loc":{"start":{"line":83,"column":94},"end":{"line":98,"column":3}}}},"branchMap":{"0":{"loc":{"start":{"line":89,"column":6},"end":{"line":92,"column":7}},"type":"if","locations":[{"start":{"line":89,"column":6},"end":{"line":92,"column":7}}]}},"s":{"0":15,"1":2,"2":2,"3":2,"4":2,"5":1,"6":1,"7":1,"8":15,"9":2,"10":2,"11":2,"12":1,"13":1,"14":1,"15":15,"16":2,"17":2,"18":2,"19":2,"20":2,"21":1,"22":1,"23":1,"24":15,"25":2,"26":2,"27":2,"28":2,"29":1,"30":1,"31":1,"32":15,"33":2,"34":2,"35":2,"36":2,"37":1,"38":1,"39":1,"40":15,"41":2,"42":2,"43":2,"44":2,"45":1,"46":1,"47":1,"48":15,"49":3,"50":3,"51":3,"52":3,"53":3,"54":2,"55":1,"56":1,"57":1,"58":1,"59":1,"60":15,"61":1},"f":{"0":15,"1":2,"2":2,"3":2,"4":2,"5":2,"6":2,"7":2,"8":2,"9":2,"10":2,"11":2,"12":2,"13":3,"14":3},"b":{"0":[1]}}
,"C:\\Work\\repos\\VictorGago\\task-manager\\api\\src\\middlewares\\auth.ts": {"path":"C:\\Work\\repos\\VictorGago\\task-manager\\api\\src\\middlewares\\auth.ts","statementMap":{"0":{"start":{"line":2,"column":0},"end":{"line":2,"column":31}},"1":{"start":{"line":14,"column":23},"end":{"line":38,"column":2}},"2":{"start":{"line":14,"column":60},"end":{"line":38,"column":2}},"3":{"start":{"line":14,"column":131},"end":{"line":38,"column":2}},"4":{"start":{"line":15,"column":16},"end":{"line":15,"column":56}},"5":{"start":{"line":17,"column":2},"end":{"line":20,"column":3}},"6":{"start":{"line":18,"column":4},"end":{"line":18,"column":53}},"7":{"start":{"line":19,"column":4},"end":{"line":19,"column":64}},"8":{"start":{"line":22,"column":2},"end":{"line":37,"column":3}},"9":{"start":{"line":23,"column":20},"end":{"line":23,"column":76}},"10":{"start":{"line":24,"column":17},"end":{"line":24,"column":62}},"11":{"start":{"line":26,"column":4},"end":{"line":29,"column":5}},"12":{"start":{"line":27,"column":6},"end":{"line":27,"column":66}},"13":{"start":{"line":28,"column":6},"end":{"line":28,"column":78}},"14":{"start":{"line":31,"column":4},"end":{"line":31,"column":20}},"15":{"start":{"line":33,"column":4},"end":{"line":33,"column":11}},"16":{"start":{"line":35,"column":4},"end":{"line":35,"column":68}},"17":{"start":{"line":36,"column":4},"end":{"line":36,"column":52}},"18":{"start":{"line":40,"column":0},"end":{"line":40,"column":30}}},"fnMap":{"0":{"name":"(anonymous_8)","decl":{"start":{"line":14,"column":23},"end":{"line":14,"column":24}},"loc":{"start":{"line":14,"column":60},"end":{"line":38,"column":2}}},"1":{"name":"(anonymous_9)","decl":{"start":{"line":14,"column":60},"end":{"line":14,"column":67}},"loc":{"start":{"line":14,"column":131},"end":{"line":38,"column":2}}},"2":{"name":"(anonymous_10)","decl":{"start":{"line":14,"column":131},"end":{"line":14,"column":null}},"loc":{"start":{"line":14,"column":131},"end":{"line":38,"column":1}}}},"branchMap":{"0":{"loc":{"start":{"line":15,"column":16},"end":{"line":15,"column":56}},"type":"cond-expr","locations":[{"start":{"line":15,"column":41},"end":{"line":15,"column":43}},{"start":{"line":15,"column":41},"end":{"line":15,"column":56}}]},"1":{"loc":{"start":{"line":15,"column":16},"end":{"line":15,"column":43}},"type":"binary-expr","locations":[{"start":{"line":15,"column":16},"end":{"line":15,"column":43}},{"start":{"line":15,"column":41},"end":{"line":15,"column":43}}]},"2":{"loc":{"start":{"line":17,"column":2},"end":{"line":20,"column":3}},"type":"if","locations":[{"start":{"line":17,"column":2},"end":{"line":20,"column":3}}]},"3":{"loc":{"start":{"line":26,"column":4},"end":{"line":29,"column":5}},"type":"if","locations":[{"start":{"line":26,"column":4},"end":{"line":29,"column":5}}]}},"s":{"0":1,"1":1,"2":4,"3":4,"4":4,"5":4,"6":1,"7":1,"8":3,"9":3,"10":2,"11":2,"12":1,"13":1,"14":1,"15":1,"16":1,"17":1,"18":1},"f":{"0":4,"1":4,"2":4},"b":{"0":[1,3],"1":[4,4],"2":[1],"3":[1]}}
,"C:\\Work\\repos\\VictorGago\\task-manager\\api\\src\\middlewares\\error.ts": {"path":"C:\\Work\\repos\\VictorGago\\task-manager\\api\\src\\middlewares\\error.ts","statementMap":{"0":{"start":{"line":8,"column":21},"end":{"line":11,"column":1}},"1":{"start":{"line":9,"column":2},"end":{"line":9,"column":27}},"2":{"start":{"line":10,"column":2},"end":{"line":10,"column":59}},"3":{"start":{"line":13,"column":0},"end":{"line":13,"column":28}}},"fnMap":{"0":{"name":"(anonymous_0)","decl":{"start":{"line":8,"column":21},"end":{"line":8,"column":22}},"loc":{"start":{"line":8,"column":85},"end":{"line":11,"column":1}}}},"branchMap":{},"s":{"0":1,"1":2,"2":2,"3":1},"f":{"0":2},"b":{}}
,"C:\\Work\\repos\\VictorGago\\task-manager\\api\\src\\models\\mongoose\\checklist.ts": {"path":"C:\\Work\\repos\\VictorGago\\task-manager\\api\\src\\models\\mongoose\\checklist.ts","statementMap":{"0":{"start":{"line":1,"column":0},"end":{"line":1,"column":34}},"1":{"start":{"line":4,"column":13},"end":{"line":8,"column":3}}},"fnMap":{},"branchMap":{},"s":{"0":0,"1":0},"f":{},"b":{}}
,"C:\\Work\\repos\\VictorGago\\task-manager\\api\\src\\models\\mongoose\\task.ts": {"path":"C:\\Work\\repos\\VictorGago\\task-manager\\api\\src\\models\\mongoose\\task.ts","statementMap":{"0":{"start":{"line":1,"column":0},"end":{"line":1,"column":51}},"1":{"start":{"line":3,"column":0},"end":{"line":3,"column":50}},"2":{"start":{"line":18,"column":19},"end":{"line":29,"column":2}},"3":{"start":{"line":31,"column":13},"end":{"line":31,"column":69}}},"fnMap":{},"branchMap":{},"s":{"0":0,"1":0,"2":0,"3":0},"f":{},"b":{}}
,"C:\\Work\\repos\\VictorGago\\task-manager\\api\\src\\models\\mongoose\\user.ts": {"path":"C:\\Work\\repos\\VictorGago\\task-manager\\api\\src\\models\\mongoose\\user.ts","statementMap":{"0":{"start":{"line":1,"column":0},"end":{"line":1,"column":51}},"1":{"start":{"line":9,"column":19},"end":{"line":13,"column":2}},"2":{"start":{"line":15,"column":13},"end":{"line":15,"column":69}}},"fnMap":{},"branchMap":{},"s":{"0":0,"1":0,"2":0},"f":{},"b":{}}
,"C:\\Work\\repos\\VictorGago\\task-manager\\api\\src\\models\\sequelize\\task.ts": {"path":"C:\\Work\\repos\\VictorGago\\task-manager\\api\\src\\models\\sequelize\\task.ts","statementMap":{"0":{"start":{"line":1,"column":0},"end":{"line":1,"column":34}},"1":{"start":{"line":18,"column":8},"end":{"line":18,"column":16}},"2":{"start":{"line":19,"column":8},"end":{"line":19,"column":36}},"3":{"start":{"line":4,"column":0},"end":{"line":4,"column":13}},"4":{"start":{"line":23,"column":0},"end":{"line":23,"column":29}}},"fnMap":{"0":{"name":"(anonymous_0)","decl":{"start":{"line":17,"column":4},"end":{"line":17,"column":null}},"loc":{"start":{"line":17,"column":4},"end":{"line":20,"column":5}}}},"branchMap":{},"s":{"0":1,"1":0,"2":0,"3":1,"4":1},"f":{"0":0},"b":{}}
,"C:\\Work\\repos\\VictorGago\\task-manager\\api\\src\\models\\sequelize\\user.ts": {"path":"C:\\Work\\repos\\VictorGago\\task-manager\\api\\src\\models\\sequelize\\user.ts","statementMap":{"0":{"start":{"line":1,"column":0},"end":{"line":1,"column":34}},"1":{"start":{"line":3,"column":0},"end":{"line":3,"column":13}},"2":{"start":{"line":10,"column":0},"end":{"line":10,"column":29}}},"fnMap":{},"branchMap":{},"s":{"0":1,"1":1,"2":1},"f":{},"b":{}}
,"C:\\Work\\repos\\VictorGago\\task-manager\\api\\src\\repositories\\cosmos\\taskRepository.ts": {"path":"C:\\Work\\repos\\VictorGago\\task-manager\\api\\src\\repositories\\cosmos\\taskRepository.ts","statementMap":{"0":{"start":{"line":9,"column":8},"end":{"line":9,"column":82}},"1":{"start":{"line":13,"column":8},"end":{"line":22,"column":9}},"2":{"start":{"line":14,"column":42},"end":{"line":14,"column":81}},"3":{"start":{"line":15,"column":12},"end":{"line":17,"column":13}},"4":{"start":{"line":16,"column":16},"end":{"line":16,"column":62}},"5":{"start":{"line":18,"column":12},"end":{"line":18,"column":27}},"6":{"start":{"line":20,"column":12},"end":{"line":20,"column":57}},"7":{"start":{"line":21,"column":12},"end":{"line":21,"column":52}},"8":{"start":{"line":26,"column":8},"end":{"line":34,"column":9}},"9":{"start":{"line":27,"column":26},"end":{"line":27,"column":91}},"10":{"start":{"line":28,"column":31},"end":{"line":28,"column":67}},"11":{"start":{"line":29,"column":41},"end":{"line":29,"column":113}},"12":{"start":{"line":30,"column":12},"end":{"line":30,"column":25}},"13":{"start":{"line":32,"column":12},"end":{"line":32,"column":58}},"14":{"start":{"line":33,"column":12},"end":{"line":33,"column":53}},"15":{"start":{"line":38,"column":8},"end":{"line":56,"column":9}},"16":{"start":{"line":39,"column":39},"end":{"line":39,"column":81}},"17":{"start":{"line":40,"column":12},"end":{"line":40,"column":57}},"18":{"start":{"line":40,"column":23},"end":{"line":40,"column":57}},"19":{"start":{"line":42,"column":29},"end":{"line":45,"column":null}},"20":{"start":{"line":47,"column":41},"end":{"line":47,"column":91}},"21":{"start":{"line":48,"column":12},"end":{"line":48,"column":70}},"22":{"start":{"line":48,"column":25},"end":{"line":48,"column":70}},"23":{"start":{"line":49,"column":12},"end":{"line":49,"column":26}},"24":{"start":{"line":51,"column":12},"end":{"line":51,"column":55}},"25":{"start":{"line":52,"column":12},"end":{"line":54,"column":13}},"26":{"start":{"line":53,"column":16},"end":{"line":53,"column":28}},"27":{"start":{"line":55,"column":12},"end":{"line":55,"column":50}},"28":{"start":{"line":60,"column":8},"end":{"line":71,"column":9}},"29":{"start":{"line":61,"column":39},"end":{"line":61,"column":81}},"30":{"start":{"line":62,"column":12},"end":{"line":62,"column":83}},"31":{"start":{"line":62,"column":49},"end":{"line":62,"column":83}},"32":{"start":{"line":64,"column":12},"end":{"line":64,"column":51}},"33":{"start":{"line":66,"column":12},"end":{"line":66,"column":57}},"34":{"start":{"line":67,"column":12},"end":{"line":69,"column":13}},"35":{"start":{"line":68,"column":16},"end":{"line":68,"column":28}},"36":{"start":{"line":70,"column":12},"end":{"line":70,"column":52}},"37":{"start":{"line":75,"column":8},"end":{"line":88,"column":9}},"38":{"start":{"line":76,"column":39},"end":{"line":76,"column":81}},"39":{"start":{"line":77,"column":12},"end":{"line":77,"column":83}},"40":{"start":{"line":77,"column":49},"end":{"line":77,"column":83}},"41":{"start":{"line":79,"column":29},"end":{"line":79,"column":81}},"42":{"start":{"line":80,"column":41},"end":{"line":80,"column":91}},"43":{"start":{"line":81,"column":12},"end":{"line":81,"column":71}},"44":{"start":{"line":81,"column":25},"end":{"line":81,"column":71}},"45":{"start":{"line":83,"column":12},"end":{"line":83,"column":56}},"46":{"start":{"line":84,"column":12},"end":{"line":86,"column":13}},"47":{"start":{"line":85,"column":16},"end":{"line":85,"column":28}},"48":{"start":{"line":87,"column":12},"end":{"line":87,"column":51}},"49":{"start":{"line":92,"column":8},"end":{"line":105,"column":9}},"50":{"start":{"line":93,"column":39},"end":{"line":93,"column":81}},"51":{"start":{"line":94,"column":12},"end":{"line":94,"column":83}},"52":{"start":{"line":94,"column":49},"end":{"line":94,"column":83}},"53":{"start":{"line":96,"column":29},"end":{"line":96,"column":61}},"54":{"start":{"line":97,"column":41},"end":{"line":97,"column":91}},"55":{"start":{"line":98,"column":12},"end":{"line":98,"column":73}},"56":{"start":{"line":98,"column":25},"end":{"line":98,"column":73}},"57":{"start":{"line":100,"column":12},"end":{"line":100,"column":58}},"58":{"start":{"line":101,"column":12},"end":{"line":103,"column":13}},"59":{"start":{"line":102,"column":16},"end":{"line":102,"column":28}},"60":{"start":{"line":104,"column":12},"end":{"line":104,"column":53}},"61":{"start":{"line":109,"column":8},"end":{"line":120,"column":9}},"62":{"start":{"line":110,"column":39},"end":{"line":110,"column":85}},"63":{"start":{"line":111,"column":12},"end":{"line":111,"column":61}},"64":{"start":{"line":111,"column":49},"end":{"line":111,"column":61}},"65":{"start":{"line":113,"column":29},"end":{"line":113,"column":51}},"66":{"start":{"line":114,"column":41},"end":{"line":114,"column":95}},"67":{"start":{"line":115,"column":12},"end":{"line":115,"column":73}},"68":{"start":{"line":115,"column":25},"end":{"line":115,"column":73}},"69":{"start":{"line":116,"column":12},"end":{"line":116,"column":26}},"70":{"start":{"line":118,"column":12},"end":{"line":118,"column":62}},"71":{"start":{"line":119,"column":12},"end":{"line":119,"column":60}},"72":{"start":{"line":5,"column":0},"end":{"line":5,"column":21}}},"fnMap":{"0":{"name":"(anonymous_7)","decl":{"start":{"line":8,"column":4},"end":{"line":8,"column":16}},"loc":{"start":{"line":8,"column":83},"end":{"line":10,"column":5}}},"1":{"name":"(anonymous_8)","decl":{"start":{"line":12,"column":10},"end":{"line":12,"column":20}},"loc":{"start":{"line":12,"column":31},"end":{"line":23,"column":null}}},"2":{"name":"(anonymous_10)","decl":{"start":{"line":25,"column":10},"end":{"line":25,"column":24}},"loc":{"start":{"line":25,"column":39},"end":{"line":35,"column":null}}},"3":{"name":"(anonymous_12)","decl":{"start":{"line":37,"column":10},"end":{"line":37,"column":20}},"loc":{"start":{"line":37,"column":55},"end":{"line":57,"column":null}}},"4":{"name":"(anonymous_14)","decl":{"start":{"line":59,"column":10},"end":{"line":59,"column":20}},"loc":{"start":{"line":59,"column":47},"end":{"line":72,"column":null}}},"5":{"name":"(anonymous_16)","decl":{"start":{"line":74,"column":10},"end":{"line":74,"column":21}},"loc":{"start":{"line":74,"column":48},"end":{"line":89,"column":null}}},"6":{"name":"(anonymous_18)","decl":{"start":{"line":91,"column":10},"end":{"line":91,"column":23}},"loc":{"start":{"line":91,"column":50},"end":{"line":106,"column":null}}},"7":{"name":"(anonymous_20)","decl":{"start":{"line":108,"column":10},"end":{"line":108,"column":26}},"loc":{"start":{"line":108,"column":73},"end":{"line":121,"column":null}}}},"branchMap":{"0":{"loc":{"start":{"line":15,"column":12},"end":{"line":17,"column":13}},"type":"if","locations":[{"start":{"line":15,"column":12},"end":{"line":17,"column":13}}]},"1":{"loc":{"start":{"line":40,"column":12},"end":{"line":40,"column":57}},"type":"if","locations":[{"start":{"line":40,"column":12},"end":{"line":40,"column":57}}]},"2":{"loc":{"start":{"line":48,"column":12},"end":{"line":48,"column":70}},"type":"if","locations":[{"start":{"line":48,"column":12},"end":{"line":48,"column":70}}]},"3":{"loc":{"start":{"line":52,"column":12},"end":{"line":54,"column":13}},"type":"if","locations":[{"start":{"line":52,"column":12},"end":{"line":54,"column":13}}]},"4":{"loc":{"start":{"line":62,"column":12},"end":{"line":62,"column":83}},"type":"if","locations":[{"start":{"line":62,"column":12},"end":{"line":62,"column":83}}]},"5":{"loc":{"start":{"line":62,"column":16},"end":{"line":62,"column":47}},"type":"binary-expr","locations":[{"start":{"line":62,"column":16},"end":{"line":62,"column":21}},{"start":{"line":62,"column":25},"end":{"line":62,"column":47}}]},"6":{"loc":{"start":{"line":67,"column":12},"end":{"line":69,"column":13}},"type":"if","locations":[{"start":{"line":67,"column":12},"end":{"line":69,"column":13}}]},"7":{"loc":{"start":{"line":77,"column":12},"end":{"line":77,"column":83}},"type":"if","locations":[{"start":{"line":77,"column":12},"end":{"line":77,"column":83}}]},"8":{"loc":{"start":{"line":77,"column":16},"end":{"line":77,"column":47}},"type":"binary-expr","locations":[{"start":{"line":77,"column":16},"end":{"line":77,"column":21}},{"start":{"line":77,"column":25},"end":{"line":77,"column":47}}]},"9":{"loc":{"start":{"line":81,"column":12},"end":{"line":81,"column":71}},"type":"if","locations":[{"start":{"line":81,"column":12},"end":{"line":81,"column":71}}]},"10":{"loc":{"start":{"line":84,"column":12},"end":{"line":86,"column":13}},"type":"if","locations":[{"start":{"line":84,"column":12},"end":{"line":86,"column":13}}]},"11":{"loc":{"start":{"line":94,"column":12},"end":{"line":94,"column":83}},"type":"if","locations":[{"start":{"line":94,"column":12},"end":{"line":94,"column":83}}]},"12":{"loc":{"start":{"line":94,"column":16},"end":{"line":94,"column":47}},"type":"binary-expr","locations":[{"start":{"line":94,"column":16},"end":{"line":94,"column":21}},{"start":{"line":94,"column":25},"end":{"line":94,"column":47}}]},"13":{"loc":{"start":{"line":98,"column":12},"end":{"line":98,"column":73}},"type":"if","locations":[{"start":{"line":98,"column":12},"end":{"line":98,"column":73}}]},"14":{"loc":{"start":{"line":101,"column":12},"end":{"line":103,"column":13}},"type":"if","locations":[{"start":{"line":101,"column":12},"end":{"line":103,"column":13}}]},"15":{"loc":{"start":{"line":111,"column":12},"end":{"line":111,"column":61}},"type":"if","locations":[{"start":{"line":111,"column":12},"end":{"line":111,"column":61}}]},"16":{"loc":{"start":{"line":111,"column":16},"end":{"line":111,"column":47}},"type":"binary-expr","locations":[{"start":{"line":111,"column":16},"end":{"line":111,"column":21}},{"start":{"line":111,"column":25},"end":{"line":111,"column":47}}]},"17":{"loc":{"start":{"line":115,"column":12},"end":{"line":115,"column":73}},"type":"if","locations":[{"start":{"line":115,"column":12},"end":{"line":115,"column":73}}]}},"s":{"0":0,"1":0,"2":0,"3":0,"4":0,"5":0,"6":0,"7":0,"8":0,"9":0,"10":0,"11":0,"12":0,"13":0,"14":0,"15":0,"16":0,"17":0,"18":0,"19":0,"20":0,"21":0,"22":0,"23":0,"24":0,"25":0,"26":0,"27":0,"28":0,"29":0,"30":0,"31":0,"32":0,"33":0,"34":0,"35":0,"36":0,"37":0,"38":0,"39":0,"40":0,"41":0,"42":0,"43":0,"44":0,"45":0,"46":0,"47":0,"48":0,"49":0,"50":0,"51":0,"52":0,"53":0,"54":0,"55":0,"56":0,"57":0,"58":0,"59":0,"60":0,"61":0,"62":0,"63":0,"64":0,"65":0,"66":0,"67":0,"68":0,"69":0,"70":0,"71":0,"72":0},"f":{"0":0,"1":0,"2":0,"3":0,"4":0,"5":0,"6":0,"7":0},"b":{"0":[0],"1":[0],"2":[0],"3":[0],"4":[0],"5":[0,0],"6":[0],"7":[0],"8":[0,0],"9":[0],"10":[0],"11":[0],"12":[0,0],"13":[0],"14":[0],"15":[0],"16":[0,0],"17":[0]}}
,"C:\\Work\\repos\\VictorGago\\task-manager\\api\\src\\repositories\\cosmos\\userRepository.ts": {"path":"C:\\Work\\repos\\VictorGago\\task-manager\\api\\src\\repositories\\cosmos\\userRepository.ts","statementMap":{"0":{"start":{"line":9,"column":8},"end":{"line":9,"column":82}},"1":{"start":{"line":13,"column":8},"end":{"line":24,"column":9}},"2":{"start":{"line":14,"column":26},"end":{"line":14,"column":92}},"3":{"start":{"line":15,"column":31},"end":{"line":18,"column":14}},"4":{"start":{"line":19,"column":41},"end":{"line":19,"column":113}},"5":{"start":{"line":20,"column":12},"end":{"line":20,"column":54}},"6":{"start":{"line":22,"column":12},"end":{"line":22,"column":77}},"7":{"start":{"line":23,"column":12},"end":{"line":23,"column":72}},"8":{"start":{"line":28,"column":8},"end":{"line":35,"column":9}},"9":{"start":{"line":29,"column":42},"end":{"line":29,"column":93}},"10":{"start":{"line":30,"column":12},"end":{"line":30,"column":67}},"11":{"start":{"line":30,"column":26},"end":{"line":30,"column":67}},"12":{"start":{"line":31,"column":12},"end":{"line":31,"column":35}},"13":{"start":{"line":33,"column":12},"end":{"line":33,"column":57}},"14":{"start":{"line":34,"column":12},"end":{"line":34,"column":52}},"15":{"start":{"line":39,"column":8},"end":{"line":47,"column":9}},"16":{"start":{"line":40,"column":26},"end":{"line":40,"column":72}},"17":{"start":{"line":41,"column":31},"end":{"line":41,"column":71}},"18":{"start":{"line":42,"column":41},"end":{"line":42,"column":113}},"19":{"start":{"line":43,"column":12},"end":{"line":43,"column":54}},"20":{"start":{"line":45,"column":12},"end":{"line":45,"column":68}},"21":{"start":{"line":46,"column":12},"end":{"line":46,"column":63}},"22":{"start":{"line":51,"column":8},"end":{"line":57,"column":9}},"23":{"start":{"line":52,"column":39},"end":{"line":52,"column":85}},"24":{"start":{"line":53,"column":12},"end":{"line":53,"column":32}},"25":{"start":{"line":55,"column":12},"end":{"line":55,"column":62}},"26":{"start":{"line":56,"column":12},"end":{"line":56,"column":57}},"27":{"start":{"line":61,"column":8},"end":{"line":75,"column":9}},"28":{"start":{"line":62,"column":47},"end":{"line":62,"column":93}},"29":{"start":{"line":63,"column":12},"end":{"line":63,"column":65}},"30":{"start":{"line":63,"column":31},"end":{"line":63,"column":65}},"31":{"start":{"line":65,"column":29},"end":{"line":65,"column":63}},"32":{"start":{"line":66,"column":41},"end":{"line":66,"column":103}},"33":{"start":{"line":67,"column":12},"end":{"line":67,"column":66}},"34":{"start":{"line":67,"column":25},"end":{"line":67,"column":66}},"35":{"start":{"line":68,"column":12},"end":{"line":68,"column":34}},"36":{"start":{"line":70,"column":12},"end":{"line":70,"column":55}},"37":{"start":{"line":71,"column":12},"end":{"line":73,"column":13}},"38":{"start":{"line":72,"column":16},"end":{"line":72,"column":28}},"39":{"start":{"line":74,"column":12},"end":{"line":74,"column":50}},"40":{"start":{"line":5,"column":0},"end":{"line":5,"column":21}}},"fnMap":{"0":{"name":"(anonymous_7)","decl":{"start":{"line":8,"column":4},"end":{"line":8,"column":16}},"loc":{"start":{"line":8,"column":83},"end":{"line":10,"column":5}}},"1":{"name":"(anonymous_8)","decl":{"start":{"line":12,"column":10},"end":{"line":12,"column":31}},"loc":{"start":{"line":12,"column":63},"end":{"line":25,"column":null}}},"2":{"name":"(anonymous_10)","decl":{"start":{"line":27,"column":10},"end":{"line":27,"column":20}},"loc":{"start":{"line":27,"column":44},"end":{"line":36,"column":null}}},"3":{"name":"(anonymous_12)","decl":{"start":{"line":38,"column":10},"end":{"line":38,"column":24}},"loc":{"start":{"line":38,"column":41},"end":{"line":48,"column":null}}},"4":{"name":"(anonymous_14)","decl":{"start":{"line":50,"column":10},"end":{"line":50,"column":18}},"loc":{"start":{"line":50,"column":33},"end":{"line":58,"column":null}}},"5":{"name":"(anonymous_16)","decl":{"start":{"line":60,"column":10},"end":{"line":60,"column":20}},"loc":{"start":{"line":60,"column":59},"end":{"line":76,"column":null}}}},"branchMap":{"0":{"loc":{"start":{"line":20,"column":19},"end":{"line":20,"column":53}},"type":"cond-expr","locations":[{"start":{"line":20,"column":38},"end":{"line":20,"column":46}},{"start":{"line":20,"column":49},"end":{"line":20,"column":53}}]},"1":{"loc":{"start":{"line":30,"column":12},"end":{"line":30,"column":67}},"type":"if","locations":[{"start":{"line":30,"column":12},"end":{"line":30,"column":67}}]},"2":{"loc":{"start":{"line":43,"column":19},"end":{"line":43,"column":53}},"type":"cond-expr","locations":[{"start":{"line":43,"column":38},"end":{"line":43,"column":46}},{"start":{"line":43,"column":49},"end":{"line":43,"column":53}}]},"3":{"loc":{"start":{"line":53,"column":19},"end":{"line":53,"column":31}},"type":"binary-expr","locations":[{"start":{"line":53,"column":19},"end":{"line":53,"column":23}},{"start":{"line":53,"column":27},"end":{"line":53,"column":31}}]},"4":{"loc":{"start":{"line":63,"column":12},"end":{"line":63,"column":65}},"type":"if","locations":[{"start":{"line":63,"column":12},"end":{"line":63,"column":65}}]},"5":{"loc":{"start":{"line":67,"column":12},"end":{"line":67,"column":66}},"type":"if","locations":[{"start":{"line":67,"column":12},"end":{"line":67,"column":66}}]},"6":{"loc":{"start":{"line":71,"column":12},"end":{"line":73,"column":13}},"type":"if","locations":[{"start":{"line":71,"column":12},"end":{"line":73,"column":13}}]}},"s":{"0":0,"1":0,"2":0,"3":0,"4":0,"5":0,"6":0,"7":0,"8":0,"9":0,"10":0,"11":0,"12":0,"13":0,"14":0,"15":0,"16":0,"17":0,"18":0,"19":0,"20":0,"21":0,"22":0,"23":0,"24":0,"25":0,"26":0,"27":0,"28":0,"29":0,"30":0,"31":0,"32":0,"33":0,"34":0,"35":0,"36":0,"37":0,"38":0,"39":0,"40":0},"f":{"0":0,"1":0,"2":0,"3":0,"4":0,"5":0},"b":{"0":[0,0],"1":[0],"2":[0,0],"3":[0,0],"4":[0],"5":[0],"6":[0]}}
,"C:\\Work\\repos\\VictorGago\\task-manager\\api\\src\\repositories\\mongoose\\taskRepository.ts": {"path":"C:\\Work\\repos\\VictorGago\\task-manager\\api\\src\\repositories\\mongoose\\taskRepository.ts","statementMap":{"0":{"start":{"line":2,"column":0},"end":{"line":2,"column":73}},"1":{"start":{"line":4,"column":0},"end":{"line":4,"column":36}},"2":{"start":{"line":9,"column":8},"end":{"line":21,"column":10}},"3":{"start":{"line":25,"column":24},"end":{"line":27,"column":null}},"4":{"start":{"line":29,"column":23},"end":{"line":29,"column":43}},"5":{"start":{"line":30,"column":8},"end":{"line":30,"column":38}},"6":{"start":{"line":34,"column":23},"end":{"line":34,"column":82}},"7":{"start":{"line":35,"column":8},"end":{"line":35,"column":62}},"8":{"start":{"line":35,"column":37},"end":{"line":35,"column":60}},"9":{"start":{"line":39,"column":23},"end":{"line":46,"column":16}},"10":{"start":{"line":47,"column":8},"end":{"line":47,"column":39}},"11":{"start":{"line":51,"column":8},"end":{"line":51,"column":72}},"12":{"start":{"line":55,"column":8},"end":{"line":55,"column":100}},"13":{"start":{"line":59,"column":8},"end":{"line":59,"column":94}},"14":{"start":{"line":63,"column":23},"end":{"line":63,"column":117}},"15":{"start":{"line":64,"column":8},"end":{"line":64,"column":39}},"16":{"start":{"line":6,"column":0},"end":{"line":6,"column":21}}},"fnMap":{"0":{"name":"(anonymous_7)","decl":{"start":{"line":8,"column":12},"end":{"line":8,"column":21}},"loc":{"start":{"line":8,"column":40},"end":{"line":22,"column":5}}},"1":{"name":"(anonymous_8)","decl":{"start":{"line":24,"column":10},"end":{"line":24,"column":20}},"loc":{"start":{"line":24,"column":44},"end":{"line":31,"column":null}}},"2":{"name":"(anonymous_10)","decl":{"start":{"line":33,"column":10},"end":{"line":33,"column":24}},"loc":{"start":{"line":33,"column":39},"end":{"line":36,"column":null}}},"3":{"name":"(anonymous_12)","decl":{"start":{"line":35,"column":26},"end":{"line":35,"column":33}},"loc":{"start":{"line":35,"column":37},"end":{"line":35,"column":60}}},"4":{"name":"(anonymous_13)","decl":{"start":{"line":38,"column":10},"end":{"line":38,"column":20}},"loc":{"start":{"line":38,"column":55},"end":{"line":48,"column":null}}},"5":{"name":"(anonymous_15)","decl":{"start":{"line":50,"column":10},"end":{"line":50,"column":20}},"loc":{"start":{"line":50,"column":47},"end":{"line":52,"column":null}}},"6":{"name":"(anonymous_17)","decl":{"start":{"line":54,"column":10},"end":{"line":54,"column":21}},"loc":{"start":{"line":54,"column":48},"end":{"line":56,"column":null}}},"7":{"name":"(anonymous_19)","decl":{"start":{"line":58,"column":10},"end":{"line":58,"column":23}},"loc":{"start":{"line":58,"column":50},"end":{"line":60,"column":null}}},"8":{"name":"(anonymous_21)","decl":{"start":{"line":62,"column":10},"end":{"line":62,"column":26}},"loc":{"start":{"line":62,"column":73},"end":{"line":65,"column":null}}}},"branchMap":{},"s":{"0":0,"1":0,"2":0,"3":0,"4":0,"5":0,"6":0,"7":0,"8":0,"9":0,"10":0,"11":0,"12":0,"13":0,"14":0,"15":0,"16":0},"f":{"0":0,"1":0,"2":0,"3":0,"4":0,"5":0,"6":0,"7":0,"8":0},"b":{}}
,"C:\\Work\\repos\\VictorGago\\task-manager\\api\\src\\repositories\\mongoose\\userRepository.ts": {"path":"C:\\Work\\repos\\VictorGago\\task-manager\\api\\src\\repositories\\mongoose\\userRepository.ts","statementMap":{"0":{"start":{"line":2,"column":0},"end":{"line":2,"column":58}},"1":{"start":{"line":4,"column":0},"end":{"line":4,"column":36}},"2":{"start":{"line":9,"column":8},"end":{"line":9,"column":93}},"3":{"start":{"line":13,"column":24},"end":{"line":15,"column":null}},"4":{"start":{"line":17,"column":8},"end":{"line":17,"column":44}},"5":{"start":{"line":21,"column":8},"end":{"line":21,"column":71}},"6":{"start":{"line":25,"column":8},"end":{"line":25,"column":66}},"7":{"start":{"line":29,"column":8},"end":{"line":29,"column":99}},"8":{"start":{"line":6,"column":0},"end":{"line":6,"column":21}}},"fnMap":{"0":{"name":"(anonymous_7)","decl":{"start":{"line":8,"column":10},"end":{"line":8,"column":31}},"loc":{"start":{"line":8,"column":63},"end":{"line":10,"column":null}}},"1":{"name":"(anonymous_9)","decl":{"start":{"line":12,"column":10},"end":{"line":12,"column":20}},"loc":{"start":{"line":12,"column":44},"end":{"line":18,"column":null}}},"2":{"name":"(anonymous_11)","decl":{"start":{"line":20,"column":10},"end":{"line":20,"column":24}},"loc":{"start":{"line":20,"column":41},"end":{"line":22,"column":null}}},"3":{"name":"(anonymous_13)","decl":{"start":{"line":24,"column":10},"end":{"line":24,"column":18}},"loc":{"start":{"line":24,"column":33},"end":{"line":26,"column":null}}},"4":{"name":"(anonymous_15)","decl":{"start":{"line":28,"column":10},"end":{"line":28,"column":20}},"loc":{"start":{"line":28,"column":59},"end":{"line":30,"column":null}}}},"branchMap":{},"s":{"0":0,"1":0,"2":0,"3":0,"4":0,"5":0,"6":0,"7":0,"8":0},"f":{"0":0,"1":0,"2":0,"3":0,"4":0},"b":{}}
,"C:\\Work\\repos\\VictorGago\\task-manager\\api\\src\\repositories\\sequelize\\taskRepository.ts": {"path":"C:\\Work\\repos\\VictorGago\\task-manager\\api\\src\\repositories\\sequelize\\taskRepository.ts","statementMap":{"0":{"start":{"line":2,"column":0},"end":{"line":2,"column":60}},"1":{"start":{"line":6,"column":8},"end":{"line":12,"column":9}},"2":{"start":{"line":7,"column":28},"end":{"line":7,"column":67}},"3":{"start":{"line":8,"column":12},"end":{"line":8,"column":27}},"4":{"start":{"line":10,"column":12},"end":{"line":10,"column":57}},"5":{"start":{"line":11,"column":12},"end":{"line":11,"column":52}},"6":{"start":{"line":16,"column":8},"end":{"line":27,"column":9}},"7":{"start":{"line":17,"column":26},"end":{"line":22,"column":14}},"8":{"start":{"line":23,"column":12},"end":{"line":23,"column":25}},"9":{"start":{"line":25,"column":12},"end":{"line":25,"column":58}},"10":{"start":{"line":26,"column":12},"end":{"line":26,"column":53}},"11":{"start":{"line":31,"column":8},"end":{"line":31,"column":null}},"12":{"start":{"line":32,"column":8},"end":{"line":56,"column":9}},"13":{"start":{"line":33,"column":25},"end":{"line":38,"column":14}},"14":{"start":{"line":40,"column":12},"end":{"line":42,"column":13}},"15":{"start":{"line":41,"column":16},"end":{"line":41,"column":50}},"16":{"start":{"line":44,"column":12},"end":{"line":47,"column":15}},"17":{"start":{"line":49,"column":12},"end":{"line":49,"column":24}},"18":{"start":{"line":51,"column":12},"end":{"line":51,"column":55}},"19":{"start":{"line":52,"column":12},"end":{"line":54,"column":13}},"20":{"start":{"line":53,"column":16},"end":{"line":53,"column":28}},"21":{"start":{"line":55,"column":12},"end":{"line":55,"column":50}},"22":{"start":{"line":60,"column":8},"end":{"line":80,"column":9}},"23":{"start":{"line":61,"column":25},"end":{"line":67,"column":14}},"24":{"start":{"line":68,"column":12},"end":{"line":70,"column":13}},"25":{"start":{"line":69,"column":16},"end":{"line":69,"column":50}},"26":{"start":{"line":71,"column":12},"end":{"line":73,"column":15}},"27":{"start":{"line":75,"column":12},"end":{"line":75,"column":57}},"28":{"start":{"line":76,"column":12},"end":{"line":78,"column":13}},"29":{"start":{"line":77,"column":16},"end":{"line":77,"column":28}},"30":{"start":{"line":79,"column":12},"end":{"line":79,"column":52}},"31":{"start":{"line":84,"column":8},"end":{"line":102,"column":9}},"32":{"start":{"line":85,"column":25},"end":{"line":91,"column":14}},"33":{"start":{"line":92,"column":12},"end":{"line":92,"column":57}},"34":{"start":{"line":92,"column":23},"end":{"line":92,"column":57}},"35":{"start":{"line":93,"column":12},"end":{"line":95,"column":15}},"36":{"start":{"line":97,"column":12},"end":{"line":97,"column":56}},"37":{"start":{"line":98,"column":12},"end":{"line":100,"column":13}},"38":{"start":{"line":99,"column":16},"end":{"line":99,"column":28}},"39":{"start":{"line":101,"column":12},"end":{"line":101,"column":51}},"40":{"start":{"line":106,"column":8},"end":{"line":124,"column":9}},"41":{"start":{"line":107,"column":25},"end":{"line":113,"column":14}},"42":{"start":{"line":114,"column":12},"end":{"line":114,"column":57}},"43":{"start":{"line":114,"column":23},"end":{"line":114,"column":57}},"44":{"start":{"line":115,"column":12},"end":{"line":117,"column":15}},"45":{"start":{"line":119,"column":12},"end":{"line":119,"column":58}},"46":{"start":{"line":120,"column":12},"end":{"line":122,"column":13}},"47":{"start":{"line":121,"column":16},"end":{"line":121,"column":28}},"48":{"start":{"line":123,"column":12},"end":{"line":123,"column":53}},"49":{"start":{"line":128,"column":8},"end":{"line":147,"column":9}},"50":{"start":{"line":129,"column":25},"end":{"line":134,"column":14}},"51":{"start":{"line":136,"column":12},"end":{"line":138,"column":13}},"52":{"start":{"line":137,"column":16},"end":{"line":137,"column":28}},"53":{"start":{"line":140,"column":12},"end":{"line":140,"column":33}},"54":{"start":{"line":141,"column":12},"end":{"line":141,"column":30}},"55":{"start":{"line":143,"column":12},"end":{"line":143,"column":24}},"56":{"start":{"line":145,"column":12},"end":{"line":145,"column":62}},"57":{"start":{"line":146,"column":12},"end":{"line":146,"column":60}},"58":{"start":{"line":4,"column":0},"end":{"line":4,"column":21}}},"fnMap":{"0":{"name":"(anonymous_7)","decl":{"start":{"line":5,"column":10},"end":{"line":5,"column":20}},"loc":{"start":{"line":5,"column":40},"end":{"line":13,"column":null}}},"1":{"name":"(anonymous_9)","decl":{"start":{"line":15,"column":10},"end":{"line":15,"column":24}},"loc":{"start":{"line":15,"column":39},"end":{"line":28,"column":null}}},"2":{"name":"(anonymous_11)","decl":{"start":{"line":30,"column":10},"end":{"line":30,"column":20}},"loc":{"start":{"line":30,"column":64},"end":{"line":57,"column":null}}},"3":{"name":"(anonymous_13)","decl":{"start":{"line":59,"column":10},"end":{"line":59,"column":20}},"loc":{"start":{"line":59,"column":47},"end":{"line":81,"column":null}}},"4":{"name":"(anonymous_15)","decl":{"start":{"line":83,"column":10},"end":{"line":83,"column":21}},"loc":{"start":{"line":83,"column":48},"end":{"line":103,"column":null}}},"5":{"name":"(anonymous_17)","decl":{"start":{"line":105,"column":10},"end":{"line":105,"column":23}},"loc":{"start":{"line":105,"column":50},"end":{"line":125,"column":null}}},"6":{"name":"(anonymous_19)","decl":{"start":{"line":127,"column":10},"end":{"line":127,"column":26}},"loc":{"start":{"line":127,"column":73},"end":{"line":148,"column":null}}}},"branchMap":{"0":{"loc":{"start":{"line":40,"column":12},"end":{"line":42,"column":13}},"type":"if","locations":[{"start":{"line":40,"column":12},"end":{"line":42,"column":13}}]},"1":{"loc":{"start":{"line":52,"column":12},"end":{"line":54,"column":13}},"type":"if","locations":[{"start":{"line":52,"column":12},"end":{"line":54,"column":13}}]},"2":{"loc":{"start":{"line":68,"column":12},"end":{"line":70,"column":13}},"type":"if","locations":[{"start":{"line":68,"column":12},"end":{"line":70,"column":13}}]},"3":{"loc":{"start":{"line":76,"column":12},"end":{"line":78,"column":13}},"type":"if","locations":[{"start":{"line":76,"column":12},"end":{"line":78,"column":13}}]},"4":{"loc":{"start":{"line":92,"column":12},"end":{"line":92,"column":57}},"type":"if","locations":[{"start":{"line":92,"column":12},"end":{"line":92,"column":57}}]},"5":{"loc":{"start":{"line":98,"column":12},"end":{"line":100,"column":13}},"type":"if","locations":[{"start":{"line":98,"column":12},"end":{"line":100,"column":13}}]},"6":{"loc":{"start":{"line":114,"column":12},"end":{"line":114,"column":57}},"type":"if","locations":[{"start":{"line":114,"column":12},"end":{"line":114,"column":57}}]},"7":{"loc":{"start":{"line":120,"column":12},"end":{"line":122,"column":13}},"type":"if","locations":[{"start":{"line":120,"column":12},"end":{"line":122,"column":13}}]},"8":{"loc":{"start":{"line":136,"column":12},"end":{"line":138,"column":13}},"type":"if","locations":[{"start":{"line":136,"column":12},"end":{"line":138,"column":13}}]}},"s":{"0":0,"1":0,"2":0,"3":0,"4":0,"5":0,"6":0,"7":0,"8":0,"9":0,"10":0,"11":0,"12":0,"13":0,"14":0,"15":0,"16":0,"17":0,"18":0,"19":0,"20":0,"21":0,"22":0,"23":0,"24":0,"25":0,"26":0,"27":0,"28":0,"29":0,"30":0,"31":0,"32":0,"33":0,"34":0,"35":0,"36":0,"37":0,"38":0,"39":0,"40":0,"41":0,"42":0,"43":0,"44":0,"45":0,"46":0,"47":0,"48":0,"49":0,"50":0,"51":0,"52":0,"53":0,"54":0,"55":0,"56":0,"57":0,"58":0},"f":{"0":0,"1":0,"2":0,"3":0,"4":0,"5":0,"6":0},"b":{"0":[0],"1":[0],"2":[0],"3":[0],"4":[0],"5":[0],"6":[0],"7":[0],"8":[0]}}
,"C:\\Work\\repos\\VictorGago\\task-manager\\api\\src\\repositories\\sequelize\\userRepository.ts": {"path":"C:\\Work\\repos\\VictorGago\\task-manager\\api\\src\\repositories\\sequelize\\userRepository.ts","statementMap":{"0":{"start":{"line":1,"column":0},"end":{"line":1,"column":68}},"1":{"start":{"line":3,"column":0},"end":{"line":3,"column":31}},"2":{"start":{"line":7,"column":8},"end":{"line":11,"column":11}},"3":{"start":{"line":15,"column":8},"end":{"line":15,"column":37}},"4":{"start":{"line":19,"column":8},"end":{"line":19,"column":53}},"5":{"start":{"line":23,"column":8},"end":{"line":23,"column":37}},"6":{"start":{"line":27,"column":21},"end":{"line":27,"column":48}},"7":{"start":{"line":28,"column":8},"end":{"line":28,"column":31}},"8":{"start":{"line":28,"column":19},"end":{"line":28,"column":31}},"9":{"start":{"line":29,"column":8},"end":{"line":29,"column":36}},"10":{"start":{"line":5,"column":0},"end":{"line":5,"column":21}}},"fnMap":{"0":{"name":"(anonymous_7)","decl":{"start":{"line":6,"column":10},"end":{"line":6,"column":31}},"loc":{"start":{"line":6,"column":63},"end":{"line":12,"column":null}}},"1":{"name":"(anonymous_9)","decl":{"start":{"line":14,"column":10},"end":{"line":14,"column":20}},"loc":{"start":{"line":14,"column":44},"end":{"line":16,"column":null}}},"2":{"name":"(anonymous_11)","decl":{"start":{"line":18,"column":10},"end":{"line":18,"column":24}},"loc":{"start":{"line":18,"column":41},"end":{"line":20,"column":null}}},"3":{"name":"(anonymous_13)","decl":{"start":{"line":22,"column":10},"end":{"line":22,"column":18}},"loc":{"start":{"line":22,"column":33},"end":{"line":24,"column":null}}},"4":{"name":"(anonymous_15)","decl":{"start":{"line":26,"column":10},"end":{"line":26,"column":20}},"loc":{"start":{"line":26,"column":59},"end":{"line":30,"column":null}}}},"branchMap":{"0":{"loc":{"start":{"line":28,"column":8},"end":{"line":28,"column":31}},"type":"if","locations":[{"start":{"line":28,"column":8},"end":{"line":28,"column":31}}]}},"s":{"0":0,"1":0,"2":0,"3":0,"4":0,"5":0,"6":0,"7":0,"8":0,"9":0,"10":0},"f":{"0":0,"1":0,"2":0,"3":0,"4":0},"b":{"0":[0]}}
,"C:\\Work\\repos\\VictorGago\\task-manager\\api\\src\\routes\\auth.ts": {"path":"C:\\Work\\repos\\VictorGago\\task-manager\\api\\src\\routes\\auth.ts","statementMap":{"0":{"start":{"line":1,"column":0},"end":{"line":1,"column":66}},"1":{"start":{"line":2,"column":0},"end":{"line":2,"column":44}},"2":{"start":{"line":4,"column":25},"end":{"line":130,"column":2}},"3":{"start":{"line":4,"column":53},"end":{"line":130,"column":2}},"4":{"start":{"line":5,"column":19},"end":{"line":5,"column":27}},"5":{"start":{"line":6,"column":27},"end":{"line":6,"column":62}},"6":{"start":{"line":90,"column":4},"end":{"line":96,"column":7}},"7":{"start":{"line":90,"column":85},"end":{"line":96,"column":6}},"8":{"start":{"line":91,"column":8},"end":{"line":95,"column":9}},"9":{"start":{"line":92,"column":12},"end":{"line":92,"column":50}},"10":{"start":{"line":94,"column":12},"end":{"line":94,"column":24}},"11":{"start":{"line":121,"column":4},"end":{"line":127,"column":7}},"12":{"start":{"line":121,"column":84},"end":{"line":127,"column":6}},"13":{"start":{"line":122,"column":8},"end":{"line":126,"column":9}},"14":{"start":{"line":123,"column":12},"end":{"line":123,"column":49}},"15":{"start":{"line":125,"column":12},"end":{"line":125,"column":24}},"16":{"start":{"line":129,"column":4},"end":{"line":129,"column":18}},"17":{"start":{"line":132,"column":0},"end":{"line":132,"column":32}}},"fnMap":{"0":{"name":"(anonymous_8)","decl":{"start":{"line":4,"column":25},"end":{"line":4,"column":51}},"loc":{"start":{"line":4,"column":53},"end":{"line":130,"column":2}}},"1":{"name":"(anonymous_9)","decl":{"start":{"line":4,"column":53},"end":{"line":4,"column":null}},"loc":{"start":{"line":4,"column":53},"end":{"line":130,"column":1}}},"2":{"name":"(anonymous_10)","decl":{"start":{"line":90,"column":27},"end":{"line":90,"column":34}},"loc":{"start":{"line":90,"column":85},"end":{"line":96,"column":6}}},"3":{"name":"(anonymous_11)","decl":{"start":{"line":90,"column":85},"end":{"line":90,"column":null}},"loc":{"start":{"line":90,"column":85},"end":{"line":96,"column":5}}},"4":{"name":"(anonymous_12)","decl":{"start":{"line":121,"column":26},"end":{"line":121,"column":33}},"loc":{"start":{"line":121,"column":84},"end":{"line":127,"column":6}}},"5":{"name":"(anonymous_13)","decl":{"start":{"line":121,"column":84},"end":{"line":121,"column":null}},"loc":{"start":{"line":121,"column":84},"end":{"line":127,"column":5}}}},"branchMap":{},"s":{"0":0,"1":0,"2":0,"3":0,"4":0,"5":0,"6":0,"7":0,"8":0,"9":0,"10":0,"11":0,"12":0,"13":0,"14":0,"15":0,"16":0,"17":0},"f":{"0":0,"1":0,"2":0,"3":0,"4":0,"5":0},"b":{}}
,"C:\\Work\\repos\\VictorGago\\task-manager\\api\\src\\routes\\protected.ts": {"path":"C:\\Work\\repos\\VictorGago\\task-manager\\api\\src\\routes\\protected.ts","statementMap":{"0":{"start":{"line":1,"column":0},"end":{"line":1,"column":30}},"1":{"start":{"line":2,"column":0},"end":{"line":2,"column":49}},"2":{"start":{"line":3,"column":0},"end":{"line":3,"column":39}},"3":{"start":{"line":4,"column":0},"end":{"line":4,"column":44}},"4":{"start":{"line":6,"column":27},"end":{"line":14,"column":null}},"5":{"start":{"line":6,"column":38},"end":{"line":14,"column":null}},"6":{"start":{"line":7,"column":28},"end":{"line":7,"column":44}},"7":{"start":{"line":9,"column":4},"end":{"line":9,"column":77}},"8":{"start":{"line":11,"column":4},"end":{"line":11,"column":60}},"9":{"start":{"line":13,"column":4},"end":{"line":13,"column":27}},"10":{"start":{"line":16,"column":0},"end":{"line":16,"column":34}}},"fnMap":{"0":{"name":"(anonymous_8)","decl":{"start":{"line":6,"column":27},"end":{"line":6,"column":36}},"loc":{"start":{"line":6,"column":38},"end":{"line":14,"column":null}}},"1":{"name":"(anonymous_9)","decl":{"start":{"line":6,"column":38},"end":{"line":6,"column":null}},"loc":{"start":{"line":6,"column":38},"end":{"line":14,"column":1}}}},"branchMap":{},"s":{"0":0,"1":0,"2":0,"3":0,"4":0,"5":0,"6":0,"7":0,"8":0,"9":0,"10":0},"f":{"0":0,"1":0},"b":{}}
,"C:\\Work\\repos\\VictorGago\\task-manager\\api\\src\\routes\\public.ts": {"path":"C:\\Work\\repos\\VictorGago\\task-manager\\api\\src\\routes\\public.ts","statementMap":{"0":{"start":{"line":1,"column":0},"end":{"line":1,"column":30}},"1":{"start":{"line":2,"column":0},"end":{"line":2,"column":38}},"2":{"start":{"line":4,"column":24},"end":{"line":10,"column":2}},"3":{"start":{"line":4,"column":35},"end":{"line":10,"column":2}},"4":{"start":{"line":5,"column":25},"end":{"line":5,"column":41}},"5":{"start":{"line":7,"column":4},"end":{"line":7,"column":52}},"6":{"start":{"line":9,"column":4},"end":{"line":9,"column":24}},"7":{"start":{"line":12,"column":0},"end":{"line":12,"column":31}}},"fnMap":{"0":{"name":"(anonymous_8)","decl":{"start":{"line":4,"column":24},"end":{"line":4,"column":33}},"loc":{"start":{"line":4,"column":35},"end":{"line":10,"column":2}}},"1":{"name":"(anonymous_9)","decl":{"start":{"line":4,"column":35},"end":{"line":4,"column":null}},"loc":{"start":{"line":4,"column":35},"end":{"line":10,"column":1}}}},"branchMap":{},"s":{"0":0,"1":0,"2":0,"3":0,"4":0,"5":0,"6":0,"7":0},"f":{"0":0,"1":0},"b":{}}
,"C:\\Work\\repos\\VictorGago\\task-manager\\api\\src\\routes\\tasks.ts": {"path":"C:\\Work\\repos\\VictorGago\\task-manager\\api\\src\\routes\\tasks.ts","statementMap":{"0":{"start":{"line":1,"column":0},"end":{"line":1,"column":66}},"1":{"start":{"line":2,"column":0},"end":{"line":2,"column":44}},"2":{"start":{"line":4,"column":25},"end":{"line":293,"column":2}},"3":{"start":{"line":4,"column":53},"end":{"line":293,"column":2}},"4":{"start":{"line":5,"column":17},"end":{"line":5,"column":25}},"5":{"start":{"line":6,"column":25},"end":{"line":6,"column":60}},"6":{"start":{"line":60,"column":2},"end":{"line":66,"column":5}},"7":{"start":{"line":60,"column":76},"end":{"line":66,"column":4}},"8":{"start":{"line":61,"column":4},"end":{"line":65,"column":5}},"9":{"start":{"line":62,"column":6},"end":{"line":62,"column":46}},"10":{"start":{"line":64,"column":6},"end":{"line":64,"column":18}},"11":{"start":{"line":121,"column":2},"end":{"line":127,"column":5}},"12":{"start":{"line":121,"column":77},"end":{"line":127,"column":4}},"13":{"start":{"line":122,"column":4},"end":{"line":126,"column":5}},"14":{"start":{"line":123,"column":6},"end":{"line":123,"column":48}},"15":{"start":{"line":125,"column":6},"end":{"line":125,"column":18}},"16":{"start":{"line":160,"column":2},"end":{"line":166,"column":5}},"17":{"start":{"line":160,"column":81},"end":{"line":166,"column":4}},"18":{"start":{"line":161,"column":4},"end":{"line":165,"column":5}},"19":{"start":{"line":162,"column":6},"end":{"line":162,"column":48}},"20":{"start":{"line":164,"column":6},"end":{"line":164,"column":18}},"21":{"start":{"line":187,"column":2},"end":{"line":193,"column":5}},"22":{"start":{"line":187,"column":82},"end":{"line":193,"column":4}},"23":{"start":{"line":188,"column":4},"end":{"line":192,"column":5}},"24":{"start":{"line":189,"column":6},"end":{"line":189,"column":48}},"25":{"start":{"line":191,"column":6},"end":{"line":191,"column":18}},"26":{"start":{"line":214,"column":2},"end":{"line":220,"column":5}},"27":{"start":{"line":214,"column":88},"end":{"line":220,"column":4}},"28":{"start":{"line":215,"column":4},"end":{"line":219,"column":5}},"29":{"start":{"line":216,"column":6},"end":{"line":216,"column":49}},"30":{"start":{"line":218,"column":6},"end":{"line":218,"column":18}},"31":{"start":{"line":241,"column":2},"end":{"line":247,"column":5}},"32":{"start":{"line":241,"column":90},"end":{"line":247,"column":4}},"33":{"start":{"line":242,"column":4},"end":{"line":246,"column":5}},"34":{"start":{"line":243,"column":6},"end":{"line":243,"column":51}},"35":{"start":{"line":245,"column":6},"end":{"line":245,"column":18}},"36":{"start":{"line":284,"column":2},"end":{"line":290,"column":5}},"37":{"start":{"line":284,"column":87},"end":{"line":290,"column":4}},"38":{"start":{"line":285,"column":4},"end":{"line":289,"column":5}},"39":{"start":{"line":286,"column":6},"end":{"line":286,"column":54}},"40":{"start":{"line":288,"column":6},"end":{"line":288,"column":18}},"41":{"start":{"line":292,"column":2},"end":{"line":292,"column":16}},"42":{"start":{"line":295,"column":0},"end":{"line":295,"column":32}}},"fnMap":{"0":{"name":"(anonymous_8)","decl":{"start":{"line":4,"column":25},"end":{"line":4,"column":51}},"loc":{"start":{"line":4,"column":53},"end":{"line":293,"column":2}}},"1":{"name":"(anonymous_9)","decl":{"start":{"line":4,"column":53},"end":{"line":4,"column":null}},"loc":{"start":{"line":4,"column":53},"end":{"line":293,"column":1}}},"2":{"name":"(anonymous_10)","decl":{"start":{"line":60,"column":18},"end":{"line":60,"column":25}},"loc":{"start":{"line":60,"column":76},"end":{"line":66,"column":4}}},"3":{"name":"(anonymous_11)","decl":{"start":{"line":60,"column":76},"end":{"line":60,"column":null}},"loc":{"start":{"line":60,"column":76},"end":{"line":66,"column":3}}},"4":{"name":"(anonymous_12)","decl":{"start":{"line":121,"column":19},"end":{"line":121,"column":26}},"loc":{"start":{"line":121,"column":77},"end":{"line":127,"column":4}}},"5":{"name":"(anonymous_13)","decl":{"start":{"line":121,"column":77},"end":{"line":121,"column":null}},"loc":{"start":{"line":121,"column":77},"end":{"line":127,"column":3}}},"6":{"name":"(anonymous_14)","decl":{"start":{"line":160,"column":23},"end":{"line":160,"column":30}},"loc":{"start":{"line":160,"column":81},"end":{"line":166,"column":4}}},"7":{"name":"(anonymous_15)","decl":{"start":{"line":160,"column":81},"end":{"line":160,"column":null}},"loc":{"start":{"line":160,"column":81},"end":{"line":166,"column":3}}},"8":{"name":"(anonymous_16)","decl":{"start":{"line":187,"column":24},"end":{"line":187,"column":31}},"loc":{"start":{"line":187,"column":82},"end":{"line":193,"column":4}}},"9":{"name":"(anonymous_17)","decl":{"start":{"line":187,"column":82},"end":{"line":187,"column":null}},"loc":{"start":{"line":187,"column":82},"end":{"line":193,"column":3}}},"10":{"name":"(anonymous_18)","decl":{"start":{"line":214,"column":30},"end":{"line":214,"column":37}},"loc":{"start":{"line":214,"column":88},"end":{"line":220,"column":4}}},"11":{"name":"(anonymous_19)","decl":{"start":{"line":214,"column":88},"end":{"line":214,"column":null}},"loc":{"start":{"line":214,"column":88},"end":{"line":220,"column":3}}},"12":{"name":"(anonymous_20)","decl":{"start":{"line":241,"column":32},"end":{"line":241,"column":39}},"loc":{"start":{"line":241,"column":90},"end":{"line":247,"column":4}}},"13":{"name":"(anonymous_21)","decl":{"start":{"line":241,"column":90},"end":{"line":241,"column":null}},"loc":{"start":{"line":241,"column":90},"end":{"line":247,"column":3}}},"14":{"name":"(anonymous_22)","decl":{"start":{"line":284,"column":29},"end":{"line":284,"column":36}},"loc":{"start":{"line":284,"column":87},"end":{"line":290,"column":4}}},"15":{"name":"(anonymous_23)","decl":{"start":{"line":284,"column":87},"end":{"line":284,"column":null}},"loc":{"start":{"line":284,"column":87},"end":{"line":290,"column":3}}}},"branchMap":{},"s":{"0":0,"1":0,"2":0,"3":0,"4":0,"5":0,"6":0,"7":0,"8":0,"9":0,"10":0,"11":0,"12":0,"13":0,"14":0,"15":0,"16":0,"17":0,"18":0,"19":0,"20":0,"21":0,"22":0,"23":0,"24":0,"25":0,"26":0,"27":0,"28":0,"29":0,"30":0,"31":0,"32":0,"33":0,"34":0,"35":0,"36":0,"37":0,"38":0,"39":0,"40":0,"41":0,"42":0},"f":{"0":0,"1":0,"2":0,"3":0,"4":0,"5":0,"6":0,"7":0,"8":0,"9":0,"10":0,"11":0,"12":0,"13":0,"14":0,"15":0},"b":{}}
,"C:\\Work\\repos\\VictorGago\\task-manager\\api\\src\\services\\authService.ts": {"path":"C:\\Work\\repos\\VictorGago\\task-manager\\api\\src\\services\\authService.ts","statementMap":{"0":{"start":{"line":1,"column":0},"end":{"line":1,"column":30}},"1":{"start":{"line":2,"column":0},"end":{"line":2,"column":31}},"2":{"start":{"line":11,"column":4},"end":{"line":11,"column":41}},"3":{"start":{"line":12,"column":4},"end":{"line":12,"column":31}},"4":{"start":{"line":15,"column":22},"end":{"line":53,"column":null}},"5":{"start":{"line":16,"column":4},"end":{"line":52,"column":5}},"6":{"start":{"line":17,"column":27},"end":{"line":17,"column":91}},"7":{"start":{"line":19,"column":6},"end":{"line":26,"column":7}},"8":{"start":{"line":20,"column":8},"end":{"line":22,"column":9}},"9":{"start":{"line":21,"column":10},"end":{"line":21,"column":53}},"10":{"start":{"line":23,"column":8},"end":{"line":25,"column":9}},"11":{"start":{"line":24,"column":10},"end":{"line":24,"column":50}},"12":{"start":{"line":28,"column":29},"end":{"line":28,"column":60}},"13":{"start":{"line":30,"column":19},"end":{"line":34,"column":8}},"14":{"start":{"line":36,"column":20},"end":{"line":36,"column":86}},"15":{"start":{"line":38,"column":6},"end":{"line":45,"column":8}},"16":{"start":{"line":47,"column":6},"end":{"line":49,"column":7}},"17":{"start":{"line":48,"column":8},"end":{"line":48,"column":20}},"18":{"start":{"line":50,"column":6},"end":{"line":50,"column":50}},"19":{"start":{"line":51,"column":6},"end":{"line":51,"column":45}},"20":{"start":{"line":55,"column":21},"end":{"line":84,"column":null}},"21":{"start":{"line":56,"column":4},"end":{"line":83,"column":5}},"22":{"start":{"line":57,"column":19},"end":{"line":57,"column":69}},"23":{"start":{"line":58,"column":6},"end":{"line":60,"column":7}},"24":{"start":{"line":59,"column":8},"end":{"line":59,"column":60}},"25":{"start":{"line":62,"column":30},"end":{"line":62,"column":75}},"26":{"start":{"line":63,"column":6},"end":{"line":65,"column":7}},"27":{"start":{"line":64,"column":8},"end":{"line":64,"column":46}},"28":{"start":{"line":67,"column":20},"end":{"line":67,"column":86}},"29":{"start":{"line":69,"column":6},"end":{"line":76,"column":8}},"30":{"start":{"line":78,"column":6},"end":{"line":80,"column":7}},"31":{"start":{"line":79,"column":8},"end":{"line":79,"column":20}},"32":{"start":{"line":81,"column":6},"end":{"line":81,"column":43}},"33":{"start":{"line":82,"column":6},"end":{"line":82,"column":38}},"34":{"start":{"line":87,"column":0},"end":{"line":87,"column":27}}},"fnMap":{"0":{"name":"(anonymous_8)","decl":{"start":{"line":10,"column":2},"end":{"line":10,"column":14}},"loc":{"start":{"line":10,"column":64},"end":{"line":13,"column":3}}},"1":{"name":"(anonymous_9)","decl":{"start":{"line":15,"column":15},"end":{"line":15,"column":21}},"loc":{"start":{"line":15,"column":21},"end":{"line":53,"column":null}}},"2":{"name":"(anonymous_10)","decl":{"start":{"line":15,"column":22},"end":{"line":15,"column":24}},"loc":{"start":{"line":15,"column":66},"end":{"line":53,"column":3}}},"3":{"name":"(anonymous_11)","decl":{"start":{"line":55,"column":15},"end":{"line":55,"column":20}},"loc":{"start":{"line":55,"column":20},"end":{"line":84,"column":null}}},"4":{"name":"(anonymous_12)","decl":{"start":{"line":55,"column":21},"end":{"line":55,"column":23}},"loc":{"start":{"line":55,"column":57},"end":{"line":84,"column":3}}}},"branchMap":{"0":{"loc":{"start":{"line":19,"column":6},"end":{"line":26,"column":7}},"type":"if","locations":[{"start":{"line":19,"column":6},"end":{"line":26,"column":7}}]},"1":{"loc":{"start":{"line":20,"column":8},"end":{"line":22,"column":9}},"type":"if","locations":[{"start":{"line":20,"column":8},"end":{"line":22,"column":9}}]},"2":{"loc":{"start":{"line":23,"column":8},"end":{"line":25,"column":9}},"type":"if","locations":[{"start":{"line":23,"column":8},"end":{"line":25,"column":9}}]},"3":{"loc":{"start":{"line":47,"column":6},"end":{"line":49,"column":7}},"type":"if","locations":[{"start":{"line":47,"column":6},"end":{"line":49,"column":7}}]},"4":{"loc":{"start":{"line":47,"column":10},"end":{"line":47,"column":97}},"type":"binary-expr","locations":[{"start":{"line":47,"column":10},"end":{"line":47,"column":53}},{"start":{"line":47,"column":57},"end":{"line":47,"column":97}}]},"5":{"loc":{"start":{"line":58,"column":6},"end":{"line":60,"column":7}},"type":"if","locations":[{"start":{"line":58,"column":6},"end":{"line":60,"column":7}}]},"6":{"loc":{"start":{"line":63,"column":6},"end":{"line":65,"column":7}},"type":"if","locations":[{"start":{"line":63,"column":6},"end":{"line":65,"column":7}}]},"7":{"loc":{"start":{"line":78,"column":6},"end":{"line":80,"column":7}},"type":"if","locations":[{"start":{"line":78,"column":6},"end":{"line":80,"column":7}}]},"8":{"loc":{"start":{"line":78,"column":10},"end":{"line":78,"column":104}},"type":"binary-expr","locations":[{"start":{"line":78,"column":10},"end":{"line":78,"column":62}},{"start":{"line":78,"column":66},"end":{"line":78,"column":104}}]}},"s":{"0":1,"1":1,"2":8,"3":8,"4":4,"5":4,"6":4,"7":4,"8":2,"9":1,"10":1,"11":1,"12":2,"13":2,"14":1,"15":1,"16":3,"17":2,"18":1,"19":1,"20":4,"21":4,"22":4,"23":3,"24":1,"25":2,"26":2,"27":1,"28":1,"29":1,"30":3,"31":2,"32":1,"33":1,"34":1},"f":{"0":8,"1":4,"2":4,"3":4,"4":4},"b":{"0":[2],"1":[1],"2":[1],"3":[2],"4":[3,2],"5":[1],"6":[1],"7":[2],"8":[3,2]}}
,"C:\\Work\\repos\\VictorGago\\task-manager\\api\\src\\services\\taskService.ts": {"path":"C:\\Work\\repos\\VictorGago\\task-manager\\api\\src\\services\\taskService.ts","statementMap":{"0":{"start":{"line":8,"column":8},"end":{"line":8,"column":37}},"1":{"start":{"line":12,"column":8},"end":{"line":12,"column":62}},"2":{"start":{"line":16,"column":8},"end":{"line":16,"column":54}},"3":{"start":{"line":20,"column":8},"end":{"line":20,"column":55}},"4":{"start":{"line":24,"column":8},"end":{"line":24,"column":54}},"5":{"start":{"line":28,"column":8},"end":{"line":28,"column":55}},"6":{"start":{"line":32,"column":8},"end":{"line":32,"column":57}},"7":{"start":{"line":36,"column":8},"end":{"line":36,"column":72}},"8":{"start":{"line":40,"column":0},"end":{"line":40,"column":27}}},"fnMap":{"0":{"name":"(anonymous_7)","decl":{"start":{"line":7,"column":4},"end":{"line":7,"column":16}},"loc":{"start":{"line":7,"column":43},"end":{"line":9,"column":5}}},"1":{"name":"(anonymous_8)","decl":{"start":{"line":11,"column":10},"end":{"line":11,"column":20}},"loc":{"start":{"line":11,"column":54},"end":{"line":13,"column":null}}},"2":{"name":"(anonymous_10)","decl":{"start":{"line":15,"column":10},"end":{"line":15,"column":24}},"loc":{"start":{"line":15,"column":39},"end":{"line":17,"column":null}}},"3":{"name":"(anonymous_12)","decl":{"start":{"line":19,"column":10},"end":{"line":19,"column":20}},"loc":{"start":{"line":19,"column":55},"end":{"line":21,"column":null}}},"4":{"name":"(anonymous_14)","decl":{"start":{"line":23,"column":10},"end":{"line":23,"column":20}},"loc":{"start":{"line":23,"column":47},"end":{"line":25,"column":null}}},"5":{"name":"(anonymous_16)","decl":{"start":{"line":27,"column":10},"end":{"line":27,"column":21}},"loc":{"start":{"line":27,"column":48},"end":{"line":29,"column":null}}},"6":{"name":"(anonymous_18)","decl":{"start":{"line":31,"column":10},"end":{"line":31,"column":23}},"loc":{"start":{"line":31,"column":50},"end":{"line":33,"column":null}}},"7":{"name":"(anonymous_20)","decl":{"start":{"line":35,"column":10},"end":{"line":35,"column":26}},"loc":{"start":{"line":35,"column":73},"end":{"line":37,"column":null}}}},"branchMap":{},"s":{"0":7,"1":1,"2":1,"3":1,"4":1,"5":1,"6":1,"7":1,"8":1},"f":{"0":7,"1":1,"2":1,"3":1,"4":1,"5":1,"6":1,"7":1},"b":{}}
}
