TN:
SF:src\config\container.ts
FN:27,(anonymous_8)
FN:31,(anonymous_10)
FN:55,(anonymous_12)
FN:79,(anonymous_14)
FN:87,(anonymous_16)
FN:95,(anonymous_18)
FN:103,(anonymous_20)
FNF:7
FNH:0
FNDA:0,(anonymous_8)
FNDA:0,(anonymous_10)
FNDA:0,(anonymous_12)
FNDA:0,(anonymous_14)
FNDA:0,(anonymous_16)
FNDA:0,(anonymous_18)
FNDA:0,(anonymous_20)
DA:1,0
DA:2,0
DA:3,0
DA:4,0
DA:5,0
DA:6,0
DA:7,0
DA:8,0
DA:11,0
DA:12,0
DA:13,0
DA:25,0
DA:28,0
DA:32,0
DA:33,0
DA:34,0
DA:35,0
DA:37,0
DA:38,0
DA:40,0
DA:41,0
DA:42,0
DA:43,0
DA:44,0
DA:46,0
DA:47,0
DA:49,0
DA:52,0
DA:56,0
DA:57,0
DA:58,0
DA:59,0
DA:61,0
DA:62,0
DA:64,0
DA:65,0
DA:66,0
DA:67,0
DA:68,0
DA:70,0
DA:71,0
DA:73,0
DA:76,0
DA:80,0
DA:81,0
DA:82,0
DA:84,0
DA:88,0
DA:89,0
DA:90,0
DA:92,0
DA:96,0
DA:97,0
DA:98,0
DA:100,0
DA:104,0
DA:105,0
DA:106,0
DA:108,0
DA:112,0
LF:60
LH:0
BRDA:32,0,0,0
BRDA:35,1,0,0
BRDA:35,1,1,0
BRDA:35,1,2,0
BRDA:35,1,3,0
BRDA:56,2,0,0
BRDA:59,3,0,0
BRDA:59,3,1,0
BRDA:59,3,2,0
BRDA:59,3,3,0
BRDA:80,4,0,0
BRDA:88,5,0,0
BRDA:96,6,0,0
BRDA:104,7,0,0
BRF:14
BRH:0
end_of_record
TN:
SF:src\config\db.ts
FN:16,(anonymous_8)
FN:20,(anonymous_9)
FN:27,(anonymous_10)
FN:49,(anonymous_12)
FN:53,(anonymous_13)
FN:57,(anonymous_14)
FN:61,(anonymous_15)
FN:65,(anonymous_16)
FN:118,(anonymous_18)
FN:200,(anonymous_19)
FN:220,(anonymous_21)
FNF:11
FNH:6
FNDA:8,(anonymous_8)
FNDA:0,(anonymous_9)
FNDA:8,(anonymous_10)
FNDA:0,(anonymous_12)
FNDA:0,(anonymous_13)
FNDA:0,(anonymous_14)
FNDA:0,(anonymous_15)
FNDA:3,(anonymous_16)
FNDA:1,(anonymous_18)
FNDA:2,(anonymous_19)
FNDA:2,(anonymous_21)
DA:1,1
DA:2,1
DA:3,1
DA:4,1
DA:5,1
DA:14,8
DA:17,8
DA:21,0
DA:22,0
DA:24,0
DA:28,8
DA:29,0
DA:32,8
DA:34,3
DA:35,1
DA:37,2
DA:38,1
DA:40,2
DA:41,1
DA:43,1
DA:46,3
DA:50,0
DA:54,0
DA:58,0
DA:62,0
DA:66,3
DA:74,3
DA:76,2
DA:77,2
DA:78,2
DA:79,2
DA:80,2
DA:81,2
DA:83,0
DA:84,0
DA:85,0
DA:86,0
DA:87,0
DA:88,0
DA:90,1
DA:93,2
DA:94,1
DA:97,1
DA:104,1
DA:105,1
DA:106,1
DA:107,1
DA:108,1
DA:111,1
DA:113,0
DA:114,0
DA:119,1
DA:146,1
DA:196,1
DA:197,1
DA:201,2
DA:202,2
DA:203,2
DA:205,2
DA:206,1
DA:209,1
DA:211,1
DA:212,1
DA:213,1
DA:215,0
DA:216,0
DA:221,2
DA:222,2
DA:223,1
DA:226,1
DA:227,1
DA:228,1
DA:230,0
DA:231,0
DA:236,1
LF:75
LH:55
BRDA:17,0,0,8
BRDA:17,0,1,0
BRDA:21,1,0,0
BRDA:28,2,0,0
BRDA:32,3,0,3
BRDA:32,3,1,2
BRDA:32,3,2,2
BRDA:32,3,3,1
BRDA:66,4,0,3
BRDA:66,4,1,0
BRDA:74,5,0,2
BRDA:74,5,1,0
BRDA:74,5,2,1
BRDA:93,6,0,1
BRDA:93,7,0,2
BRDA:93,7,1,1
BRDA:93,7,2,1
BRDA:93,7,3,1
BRDA:93,7,4,1
BRDA:101,8,0,1
BRDA:101,8,1,0
BRDA:101,9,0,1
BRDA:101,9,1,1
BRDA:202,10,0,2
BRDA:202,10,1,1
BRDA:203,11,0,2
BRDA:203,11,1,1
BRDA:205,12,0,1
BRDA:205,13,0,2
BRDA:205,13,1,1
BRDA:205,13,2,1
BRDA:221,14,0,2
BRDA:221,14,1,1
BRDA:222,15,0,1
BRF:34
BRH:28
end_of_record
TN:
SF:src\config\logger.ts
FNF:0
FNH:0
DA:1,0
DA:3,0
DA:15,0
LF:3
LH:0
BRF:0
BRH:0
end_of_record
TN:
SF:src\config\swagger.ts
FNF:0
FNH:0
DA:1,0
DA:2,0
DA:4,0
DA:33,0
DA:38,0
DA:40,0
LF:6
LH:0
BRF:0
BRH:0
end_of_record
TN:
SF:src\controllers\authController.ts
FN:9,(anonymous_7)
FN:13,(anonymous_8)
FN:13,(anonymous_9)
FN:26,(anonymous_10)
FN:26,(anonymous_11)
FNF:5
FNH:5
FNDA:4,(anonymous_7)
FNDA:2,(anonymous_8)
FNDA:2,(anonymous_9)
FNDA:2,(anonymous_10)
FNDA:2,(anonymous_11)
DA:6,1
DA:10,4
DA:13,4
DA:14,2
DA:16,2
DA:18,1
DA:21,1
DA:22,1
DA:26,4
DA:27,2
DA:29,2
DA:31,1
DA:34,1
DA:35,1
LF:14
LH:14
BRF:0
BRH:0
end_of_record
TN:
SF:src\controllers\taskController.ts
FN:8,(anonymous_7)
FN:12,(anonymous_8)
FN:12,(anonymous_9)
FN:24,(anonymous_10)
FN:24,(anonymous_11)
FN:34,(anonymous_12)
FN:34,(anonymous_13)
FN:47,(anonymous_14)
FN:47,(anonymous_15)
FN:59,(anonymous_16)
FN:59,(anonymous_17)
FN:71,(anonymous_18)
FN:71,(anonymous_19)
FN:83,(anonymous_20)
FN:83,(anonymous_21)
FNF:15
FNH:15
FNDA:15,(anonymous_7)
FNDA:2,(anonymous_8)
FNDA:2,(anonymous_9)
FNDA:2,(anonymous_10)
FNDA:2,(anonymous_11)
FNDA:2,(anonymous_12)
FNDA:2,(anonymous_13)
FNDA:2,(anonymous_14)
FNDA:2,(anonymous_15)
FNDA:2,(anonymous_16)
FNDA:2,(anonymous_17)
FNDA:2,(anonymous_18)
FNDA:2,(anonymous_19)
FNDA:3,(anonymous_20)
FNDA:3,(anonymous_21)
DA:5,1
DA:9,15
DA:12,15
DA:13,2
DA:15,2
DA:16,2
DA:17,1
DA:19,1
DA:20,1
DA:24,15
DA:25,2
DA:26,2
DA:27,1
DA:29,1
DA:30,1
DA:34,15
DA:35,2
DA:36,2
DA:38,2
DA:39,2
DA:40,1
DA:42,1
DA:43,1
DA:47,15
DA:48,2
DA:50,2
DA:51,2
DA:52,1
DA:54,1
DA:55,1
DA:59,15
DA:60,2
DA:62,2
DA:63,2
DA:64,1
DA:66,1
DA:67,1
DA:71,15
DA:72,2
DA:74,2
DA:75,2
DA:76,1
DA:78,1
DA:79,1
DA:83,15
DA:84,3
DA:85,3
DA:87,3
DA:88,3
DA:89,2
DA:90,1
DA:91,1
DA:93,1
DA:95,1
DA:96,1
LF:55
LH:55
BRDA:89,0,0,1
BRF:1
BRH:1
end_of_record
TN:
SF:src\middlewares\auth.ts
FN:14,(anonymous_8)
FN:14,(anonymous_9)
FN:14,(anonymous_10)
FNF:3
FNH:3
FNDA:4,(anonymous_8)
FNDA:4,(anonymous_9)
FNDA:4,(anonymous_10)
DA:2,1
DA:14,4
DA:15,4
DA:17,4
DA:18,1
DA:19,1
DA:22,3
DA:23,3
DA:24,2
DA:26,2
DA:27,1
DA:28,1
DA:31,1
DA:33,1
DA:35,1
DA:36,1
DA:40,1
LF:17
LH:17
BRDA:15,0,0,1
BRDA:15,0,1,3
BRDA:15,1,0,4
BRDA:15,1,1,4
BRDA:17,2,0,1
BRDA:26,3,0,1
BRF:6
BRH:6
end_of_record
TN:
SF:src\middlewares\error.ts
FN:8,(anonymous_0)
FNF:1
FNH:1
FNDA:2,(anonymous_0)
DA:8,1
DA:9,2
DA:10,2
DA:13,1
LF:4
LH:4
BRF:0
BRH:0
end_of_record
TN:
SF:src\models\mongoose\checklist.ts
FNF:0
FNH:0
DA:1,0
DA:4,0
LF:2
LH:0
BRF:0
BRH:0
end_of_record
TN:
SF:src\models\mongoose\task.ts
FNF:0
FNH:0
DA:1,0
DA:3,0
DA:18,0
DA:31,0
LF:4
LH:0
BRF:0
BRH:0
end_of_record
TN:
SF:src\models\mongoose\user.ts
FNF:0
FNH:0
DA:1,0
DA:9,0
DA:15,0
LF:3
LH:0
BRF:0
BRH:0
end_of_record
TN:
SF:src\models\sequelize\task.ts
FN:17,(anonymous_0)
FNF:1
FNH:0
FNDA:0,(anonymous_0)
DA:1,1
DA:4,1
DA:18,0
DA:19,0
DA:23,1
LF:5
LH:3
BRF:0
BRH:0
end_of_record
TN:
SF:src\models\sequelize\user.ts
FNF:0
FNH:0
DA:1,1
DA:3,1
DA:10,1
LF:3
LH:3
BRF:0
BRH:0
end_of_record
TN:
SF:src\repositories\cosmos\taskRepository.ts
FN:8,(anonymous_7)
FN:12,(anonymous_8)
FN:25,(anonymous_10)
FN:37,(anonymous_12)
FN:59,(anonymous_14)
FN:74,(anonymous_16)
FN:91,(anonymous_18)
FN:108,(anonymous_20)
FNF:8
FNH:0
FNDA:0,(anonymous_7)
FNDA:0,(anonymous_8)
FNDA:0,(anonymous_10)
FNDA:0,(anonymous_12)
FNDA:0,(anonymous_14)
FNDA:0,(anonymous_16)
FNDA:0,(anonymous_18)
FNDA:0,(anonymous_20)
DA:5,0
DA:9,0
DA:13,0
DA:14,0
DA:15,0
DA:16,0
DA:18,0
DA:20,0
DA:21,0
DA:26,0
DA:27,0
DA:28,0
DA:29,0
DA:30,0
DA:32,0
DA:33,0
DA:38,0
DA:39,0
DA:40,0
DA:42,0
DA:47,0
DA:48,0
DA:49,0
DA:51,0
DA:52,0
DA:53,0
DA:55,0
DA:60,0
DA:61,0
DA:62,0
DA:64,0
DA:66,0
DA:67,0
DA:68,0
DA:70,0
DA:75,0
DA:76,0
DA:77,0
DA:79,0
DA:80,0
DA:81,0
DA:83,0
DA:84,0
DA:85,0
DA:87,0
DA:92,0
DA:93,0
DA:94,0
DA:96,0
DA:97,0
DA:98,0
DA:100,0
DA:101,0
DA:102,0
DA:104,0
DA:109,0
DA:110,0
DA:111,0
DA:113,0
DA:114,0
DA:115,0
DA:116,0
DA:118,0
DA:119,0
LF:64
LH:0
BRDA:15,0,0,0
BRDA:40,1,0,0
BRDA:48,2,0,0
BRDA:52,3,0,0
BRDA:62,4,0,0
BRDA:62,5,0,0
BRDA:62,5,1,0
BRDA:67,6,0,0
BRDA:77,7,0,0
BRDA:77,8,0,0
BRDA:77,8,1,0
BRDA:81,9,0,0
BRDA:84,10,0,0
BRDA:94,11,0,0
BRDA:94,12,0,0
BRDA:94,12,1,0
BRDA:98,13,0,0
BRDA:101,14,0,0
BRDA:111,15,0,0
BRDA:111,16,0,0
BRDA:111,16,1,0
BRDA:115,17,0,0
BRF:22
BRH:0
end_of_record
TN:
SF:src\repositories\cosmos\userRepository.ts
FN:8,(anonymous_7)
FN:12,(anonymous_8)
FN:27,(anonymous_10)
FN:38,(anonymous_12)
FN:50,(anonymous_14)
FN:60,(anonymous_16)
FNF:6
FNH:0
FNDA:0,(anonymous_7)
FNDA:0,(anonymous_8)
FNDA:0,(anonymous_10)
FNDA:0,(anonymous_12)
FNDA:0,(anonymous_14)
FNDA:0,(anonymous_16)
DA:5,0
DA:9,0
DA:13,0
DA:14,0
DA:15,0
DA:19,0
DA:20,0
DA:22,0
DA:23,0
DA:28,0
DA:29,0
DA:30,0
DA:31,0
DA:33,0
DA:34,0
DA:39,0
DA:40,0
DA:41,0
DA:42,0
DA:43,0
DA:45,0
DA:46,0
DA:51,0
DA:52,0
DA:53,0
DA:55,0
DA:56,0
DA:61,0
DA:62,0
DA:63,0
DA:65,0
DA:66,0
DA:67,0
DA:68,0
DA:70,0
DA:71,0
DA:72,0
DA:74,0
LF:38
LH:0
BRDA:20,0,0,0
BRDA:20,0,1,0
BRDA:30,1,0,0
BRDA:43,2,0,0
BRDA:43,2,1,0
BRDA:53,3,0,0
BRDA:53,3,1,0
BRDA:63,4,0,0
BRDA:67,5,0,0
BRDA:71,6,0,0
BRF:10
BRH:0
end_of_record
TN:
SF:src\repositories\mongoose\taskRepository.ts
FN:8,(anonymous_7)
FN:24,(anonymous_8)
FN:33,(anonymous_10)
FN:35,(anonymous_12)
FN:38,(anonymous_13)
FN:50,(anonymous_15)
FN:54,(anonymous_17)
FN:58,(anonymous_19)
FN:62,(anonymous_21)
FNF:9
FNH:0
FNDA:0,(anonymous_7)
FNDA:0,(anonymous_8)
FNDA:0,(anonymous_10)
FNDA:0,(anonymous_12)
FNDA:0,(anonymous_13)
FNDA:0,(anonymous_15)
FNDA:0,(anonymous_17)
FNDA:0,(anonymous_19)
FNDA:0,(anonymous_21)
DA:2,0
DA:4,0
DA:6,0
DA:9,0
DA:25,0
DA:29,0
DA:30,0
DA:34,0
DA:35,0
DA:39,0
DA:47,0
DA:51,0
DA:55,0
DA:59,0
DA:63,0
DA:64,0
LF:16
LH:0
BRF:0
BRH:0
end_of_record
TN:
SF:src\repositories\mongoose\userRepository.ts
FN:8,(anonymous_7)
FN:12,(anonymous_9)
FN:20,(anonymous_11)
FN:24,(anonymous_13)
FN:28,(anonymous_15)
FNF:5
FNH:0
FNDA:0,(anonymous_7)
FNDA:0,(anonymous_9)
FNDA:0,(anonymous_11)
FNDA:0,(anonymous_13)
FNDA:0,(anonymous_15)
DA:2,0
DA:4,0
DA:6,0
DA:9,0
DA:13,0
DA:17,0
DA:21,0
DA:25,0
DA:29,0
LF:9
LH:0
BRF:0
BRH:0
end_of_record
TN:
SF:src\repositories\sequelize\taskRepository.ts
FN:5,(anonymous_7)
FN:15,(anonymous_9)
FN:30,(anonymous_11)
FN:59,(anonymous_13)
FN:83,(anonymous_15)
FN:105,(anonymous_17)
FN:127,(anonymous_19)
FNF:7
FNH:0
FNDA:0,(anonymous_7)
FNDA:0,(anonymous_9)
FNDA:0,(anonymous_11)
FNDA:0,(anonymous_13)
FNDA:0,(anonymous_15)
FNDA:0,(anonymous_17)
FNDA:0,(anonymous_19)
DA:2,0
DA:4,0
DA:6,0
DA:7,0
DA:8,0
DA:10,0
DA:11,0
DA:16,0
DA:17,0
DA:23,0
DA:25,0
DA:26,0
DA:31,0
DA:32,0
DA:33,0
DA:40,0
DA:41,0
DA:44,0
DA:49,0
DA:51,0
DA:52,0
DA:53,0
DA:55,0
DA:60,0
DA:61,0
DA:68,0
DA:69,0
DA:71,0
DA:75,0
DA:76,0
DA:77,0
DA:79,0
DA:84,0
DA:85,0
DA:92,0
DA:93,0
DA:97,0
DA:98,0
DA:99,0
DA:101,0
DA:106,0
DA:107,0
DA:114,0
DA:115,0
DA:119,0
DA:120,0
DA:121,0
DA:123,0
DA:128,0
DA:129,0
DA:136,0
DA:137,0
DA:140,0
DA:141,0
DA:143,0
DA:145,0
DA:146,0
LF:57
LH:0
BRDA:40,0,0,0
BRDA:52,1,0,0
BRDA:68,2,0,0
BRDA:76,3,0,0
BRDA:92,4,0,0
BRDA:98,5,0,0
BRDA:114,6,0,0
BRDA:120,7,0,0
BRDA:136,8,0,0
BRF:9
BRH:0
end_of_record
TN:
SF:src\repositories\sequelize\userRepository.ts
FN:6,(anonymous_7)
FN:14,(anonymous_9)
FN:18,(anonymous_11)
FN:22,(anonymous_13)
FN:26,(anonymous_15)
FNF:5
FNH:0
FNDA:0,(anonymous_7)
FNDA:0,(anonymous_9)
FNDA:0,(anonymous_11)
FNDA:0,(anonymous_13)
FNDA:0,(anonymous_15)
DA:1,0
DA:3,0
DA:5,0
DA:7,0
DA:15,0
DA:19,0
DA:23,0
DA:27,0
DA:28,0
DA:29,0
LF:10
LH:0
BRDA:28,0,0,0
BRF:1
BRH:0
end_of_record
TN:
SF:src\routes\auth.ts
FN:4,(anonymous_8)
FN:4,(anonymous_9)
FN:90,(anonymous_10)
FN:90,(anonymous_11)
FN:121,(anonymous_12)
FN:121,(anonymous_13)
FNF:6
FNH:0
FNDA:0,(anonymous_8)
FNDA:0,(anonymous_9)
FNDA:0,(anonymous_10)
FNDA:0,(anonymous_11)
FNDA:0,(anonymous_12)
FNDA:0,(anonymous_13)
DA:1,0
DA:2,0
DA:4,0
DA:5,0
DA:6,0
DA:90,0
DA:91,0
DA:92,0
DA:94,0
DA:121,0
DA:122,0
DA:123,0
DA:125,0
DA:129,0
DA:132,0
LF:15
LH:0
BRF:0
BRH:0
end_of_record
TN:
SF:src\routes\protected.ts
FN:6,(anonymous_8)
FN:6,(anonymous_9)
FNF:2
FNH:0
FNDA:0,(anonymous_8)
FNDA:0,(anonymous_9)
DA:1,0
DA:2,0
DA:3,0
DA:4,0
DA:6,0
DA:7,0
DA:9,0
DA:11,0
DA:13,0
DA:16,0
LF:10
LH:0
BRF:0
BRH:0
end_of_record
TN:
SF:src\routes\public.ts
FN:4,(anonymous_8)
FN:4,(anonymous_9)
FNF:2
FNH:0
FNDA:0,(anonymous_8)
FNDA:0,(anonymous_9)
DA:1,0
DA:2,0
DA:4,0
DA:5,0
DA:7,0
DA:9,0
DA:12,0
LF:7
LH:0
BRF:0
BRH:0
end_of_record
TN:
SF:src\routes\tasks.ts
FN:4,(anonymous_8)
FN:4,(anonymous_9)
FN:60,(anonymous_10)
FN:60,(anonymous_11)
FN:121,(anonymous_12)
FN:121,(anonymous_13)
FN:160,(anonymous_14)
FN:160,(anonymous_15)
FN:187,(anonymous_16)
FN:187,(anonymous_17)
FN:214,(anonymous_18)
FN:214,(anonymous_19)
FN:241,(anonymous_20)
FN:241,(anonymous_21)
FN:284,(anonymous_22)
FN:284,(anonymous_23)
FNF:16
FNH:0
FNDA:0,(anonymous_8)
FNDA:0,(anonymous_9)
FNDA:0,(anonymous_10)
FNDA:0,(anonymous_11)
FNDA:0,(anonymous_12)
FNDA:0,(anonymous_13)
FNDA:0,(anonymous_14)
FNDA:0,(anonymous_15)
FNDA:0,(anonymous_16)
FNDA:0,(anonymous_17)
FNDA:0,(anonymous_18)
FNDA:0,(anonymous_19)
FNDA:0,(anonymous_20)
FNDA:0,(anonymous_21)
FNDA:0,(anonymous_22)
FNDA:0,(anonymous_23)
DA:1,0
DA:2,0
DA:4,0
DA:5,0
DA:6,0
DA:60,0
DA:61,0
DA:62,0
DA:64,0
DA:121,0
DA:122,0
DA:123,0
DA:125,0
DA:160,0
DA:161,0
DA:162,0
DA:164,0
DA:187,0
DA:188,0
DA:189,0
DA:191,0
DA:214,0
DA:215,0
DA:216,0
DA:218,0
DA:241,0
DA:242,0
DA:243,0
DA:245,0
DA:284,0
DA:285,0
DA:286,0
DA:288,0
DA:292,0
DA:295,0
LF:35
LH:0
BRF:0
BRH:0
end_of_record
TN:
SF:src\services\authService.ts
FN:10,(anonymous_8)
FN:15,(anonymous_9)
FN:15,(anonymous_10)
FN:55,(anonymous_11)
FN:55,(anonymous_12)
FNF:5
FNH:5
FNDA:8,(anonymous_8)
FNDA:4,(anonymous_9)
FNDA:4,(anonymous_10)
FNDA:4,(anonymous_11)
FNDA:4,(anonymous_12)
DA:1,1
DA:2,1
DA:11,8
DA:12,8
DA:15,4
DA:16,4
DA:17,4
DA:19,4
DA:20,2
DA:21,1
DA:23,1
DA:24,1
DA:28,2
DA:30,2
DA:36,1
DA:38,1
DA:47,3
DA:48,2
DA:50,1
DA:51,1
DA:55,4
DA:56,4
DA:57,4
DA:58,3
DA:59,1
DA:62,2
DA:63,2
DA:64,1
DA:67,1
DA:69,1
DA:78,3
DA:79,2
DA:81,1
DA:82,1
DA:87,1
LF:35
LH:35
BRDA:19,0,0,2
BRDA:20,1,0,1
BRDA:23,2,0,1
BRDA:47,3,0,2
BRDA:47,4,0,3
BRDA:47,4,1,2
BRDA:58,5,0,1
BRDA:63,6,0,1
BRDA:78,7,0,2
BRDA:78,8,0,3
BRDA:78,8,1,2
BRF:11
BRH:11
end_of_record
TN:
SF:src\services\taskService.ts
FN:7,(anonymous_7)
FN:11,(anonymous_8)
FN:15,(anonymous_10)
FN:19,(anonymous_12)
FN:23,(anonymous_14)
FN:27,(anonymous_16)
FN:31,(anonymous_18)
FN:35,(anonymous_20)
FNF:8
FNH:8
FNDA:7,(anonymous_7)
FNDA:1,(anonymous_8)
FNDA:1,(anonymous_10)
FNDA:1,(anonymous_12)
FNDA:1,(anonymous_14)
FNDA:1,(anonymous_16)
FNDA:1,(anonymous_18)
FNDA:1,(anonymous_20)
DA:8,7
DA:12,1
DA:16,1
DA:20,1
DA:24,1
DA:28,1
DA:32,1
DA:36,1
DA:40,1
LF:9
LH:9
BRF:0
BRH:0
end_of_record
